INFO - 2023-12-27 06:42:08 --> Session: Class initialized using 'CodeIgniter\Session\Handlers\FileHandler' driver.
INFO - 2023-12-27 06:42:38 --> Session: Class initialized using 'CodeIgniter\Session\Handlers\FileHandler' driver.
INFO - 2023-12-27 06:43:05 --> Session: Class initialized using 'CodeIgniter\Session\Handlers\FileHandler' driver.
INFO - 2023-12-27 06:43:20 --> Session: Class initialized using 'CodeIgniter\Session\Handlers\FileHandler' driver.
INFO - 2023-12-27 06:45:19 --> Session: Class initialized using 'CodeIgniter\Session\Handlers\FileHandler' driver.
INFO - 2023-12-27 06:45:32 --> Session: Class initialized using 'CodeIgniter\Session\Handlers\FileHandler' driver.
INFO - 2023-12-27 06:45:34 --> Session: Class initialized using 'CodeIgniter\Session\Handlers\FileHandler' driver.
INFO - 2023-12-27 06:45:45 --> Session: Class initialized using 'CodeIgniter\Session\Handlers\FileHandler' driver.
INFO - 2023-12-27 06:45:54 --> Session: Class initialized using 'CodeIgniter\Session\Handlers\FileHandler' driver.
INFO - 2023-12-27 06:45:56 --> Session: Class initialized using 'CodeIgniter\Session\Handlers\FileHandler' driver.
INFO - 2023-12-27 06:46:04 --> Session: Class initialized using 'CodeIgniter\Session\Handlers\FileHandler' driver.
INFO - 2023-12-27 06:46:08 --> Session: Class initialized using 'CodeIgniter\Session\Handlers\FileHandler' driver.
INFO - 2023-12-27 06:46:10 --> Session: Class initialized using 'CodeIgniter\Session\Handlers\FileHandler' driver.
INFO - 2023-12-27 06:46:17 --> Session: Class initialized using 'CodeIgniter\Session\Handlers\FileHandler' driver.
INFO - 2023-12-27 06:50:24 --> Session: Class initialized using 'CodeIgniter\Session\Handlers\FileHandler' driver.
INFO - 2023-12-27 06:50:26 --> Session: Class initialized using 'CodeIgniter\Session\Handlers\FileHandler' driver.
INFO - 2023-12-27 06:51:18 --> Session: Class initialized using 'CodeIgniter\Session\Handlers\FileHandler' driver.
INFO - 2023-12-27 06:51:32 --> Session: Class initialized using 'CodeIgniter\Session\Handlers\FileHandler' driver.
INFO - 2023-12-27 06:54:30 --> Session: Class initialized using 'CodeIgniter\Session\Handlers\FileHandler' driver.
INFO - 2023-12-27 06:55:06 --> Session: Class initialized using 'CodeIgniter\Session\Handlers\FileHandler' driver.
INFO - 2023-12-27 06:55:08 --> Session: Class initialized using 'CodeIgniter\Session\Handlers\FileHandler' driver.
CRITICAL - 2023-12-27 07:07:12 --> Undefined variable $kasmasuk
in APPPATH\Views\kasmasjid\v_kasmasjid.php on line 48.
 1 APPPATH\Views\kasmasjid\v_kasmasjid.php(48): CodeIgniter\Debug\Exceptions->errorHandler(2, 'Undefined variable $kasmasuk', 'C:\\Users\\Windows 10\\Documents\\SEMESTER-5\\lat1\\app\\Views\\kasmasjid\\v_kasmasjid.php', 48)
 2 SYSTEMPATH\View\View.php(226): include('C:\\Users\\Windows 10\\Documents\\SEMESTER-5\\lat1\\app\\Views\\kasmasjid\\v_kasmasjid.php')
 3 SYSTEMPATH\View\View.php(229): CodeIgniter\View\View->CodeIgniter\View\{closure}()
 4 SYSTEMPATH\Common.php(1188): CodeIgniter\View\View->render('kasmasjid/v_kasmasjid', [], true)
 5 APPPATH\Controllers\Kasmasjid.php(11): view('kasmasjid/v_kasmasjid', [...])
 6 SYSTEMPATH\CodeIgniter.php(919): App\Controllers\Kasmasjid->index()
 7 SYSTEMPATH\CodeIgniter.php(494): CodeIgniter\CodeIgniter->runController(Object(App\Controllers\Kasmasjid))
 8 SYSTEMPATH\CodeIgniter.php(353): CodeIgniter\CodeIgniter->handleRequest(null, Object(Config\Cache), false)
 9 FCPATH\index.php(79): CodeIgniter\CodeIgniter->run()
10 SYSTEMPATH\Commands\Server\rewrite.php(47): require_once('C:\\Users\\Windows 10\\Documents\\SEMESTER-5\\lat1\\public\\index.php')
INFO - 2023-12-27 07:08:28 --> Session: Class initialized using 'CodeIgniter\Session\Handlers\FileHandler' driver.
INFO - 2023-12-27 07:09:12 --> Session: Class initialized using 'CodeIgniter\Session\Handlers\FileHandler' driver.
INFO - 2023-12-27 07:09:14 --> Session: Class initialized using 'CodeIgniter\Session\Handlers\FileHandler' driver.
INFO - 2023-12-27 07:18:54 --> Session: Class initialized using 'CodeIgniter\Session\Handlers\FileHandler' driver.
INFO - 2023-12-27 07:19:16 --> Session: Class initialized using 'CodeIgniter\Session\Handlers\FileHandler' driver.
INFO - 2023-12-27 07:19:21 --> Session: Class initialized using 'CodeIgniter\Session\Handlers\FileHandler' driver.
INFO - 2023-12-27 07:22:13 --> Session: Class initialized using 'CodeIgniter\Session\Handlers\FileHandler' driver.
INFO - 2023-12-27 07:22:31 --> Session: Class initialized using 'CodeIgniter\Session\Handlers\FileHandler' driver.
INFO - 2023-12-27 07:22:33 --> Session: Class initialized using 'CodeIgniter\Session\Handlers\FileHandler' driver.
INFO - 2023-12-27 07:24:20 --> Session: Class initialized using 'CodeIgniter\Session\Handlers\FileHandler' driver.
ERROR - 2023-12-27 07:24:42 --> mysqli_sql_exception: Table 'db-masjid.tbl_kas_mesjid' doesn't exist in C:\Users\Windows 10\Documents\SEMESTER-5\lat1\system\Database\MySQLi\Connection.php:306
Stack trace:
#0 C:\Users\Windows 10\Documents\SEMESTER-5\lat1\system\Database\MySQLi\Connection.php(306): mysqli->query('INSERT INTO `tb...', 0)
#1 C:\Users\Windows 10\Documents\SEMESTER-5\lat1\system\Database\BaseConnection.php(692): CodeIgniter\Database\MySQLi\Connection->execute('INSERT INTO `tb...')
#2 C:\Users\Windows 10\Documents\SEMESTER-5\lat1\system\Database\BaseConnection.php(606): CodeIgniter\Database\BaseConnection->simpleQuery('INSERT INTO `tb...')
#3 C:\Users\Windows 10\Documents\SEMESTER-5\lat1\system\Database\BaseBuilder.php(2308): CodeIgniter\Database\BaseConnection->query('INSERT INTO `tb...', Array, false)
#4 C:\Users\Windows 10\Documents\SEMESTER-5\lat1\app\Models\ModelKasMasjid.php(16): CodeIgniter\Database\BaseBuilder->insert(Array)
#5 C:\Users\Windows 10\Documents\SEMESTER-5\lat1\app\Controllers\Kasmasjid.php(25): App\Models\ModelKasMasjid->insertData(Array)
#6 C:\Users\Windows 10\Documents\SEMESTER-5\lat1\system\CodeIgniter.php(919): App\Controllers\Kasmasjid->save()
#7 C:\Users\Windows 10\Documents\SEMESTER-5\lat1\system\CodeIgniter.php(494): CodeIgniter\CodeIgniter->runController(Object(App\Controllers\Kasmasjid))
#8 C:\Users\Windows 10\Documents\SEMESTER-5\lat1\system\CodeIgniter.php(353): CodeIgniter\CodeIgniter->handleRequest(NULL, Object(Config\Cache), false)
#9 C:\Users\Windows 10\Documents\SEMESTER-5\lat1\public\index.php(79): CodeIgniter\CodeIgniter->run()
#10 C:\Users\Windows 10\Documents\SEMESTER-5\lat1\system\Commands\Server\rewrite.php(47): require_once('C:\\Users\\Window...')
#11 {main}
CRITICAL - 2023-12-27 07:24:42 --> Table 'db-masjid.tbl_kas_mesjid' doesn't exist
in SYSTEMPATH\Database\BaseConnection.php on line 646.
 1 SYSTEMPATH\Database\BaseBuilder.php(2308): CodeIgniter\Database\BaseConnection->query('INSERT INTO `tbl_kas_mesjid` (`tanggal`, `ket`, `kas_masuk`, `kas_keluar`, `jenis_kas`, `status`) VALUES (:tanggal:, :ket:, :kas_masuk:, :kas_keluar:, :jenis_kas:, :status:)', [...], false)
 2 APPPATH\Models\ModelKasMasjid.php(16): CodeIgniter\Database\BaseBuilder->insert([...])
 3 APPPATH\Controllers\Kasmasjid.php(25): App\Models\ModelKasMasjid->insertData([...])
 4 SYSTEMPATH\CodeIgniter.php(919): App\Controllers\Kasmasjid->save()
 5 SYSTEMPATH\CodeIgniter.php(494): CodeIgniter\CodeIgniter->runController(Object(App\Controllers\Kasmasjid))
 6 SYSTEMPATH\CodeIgniter.php(353): CodeIgniter\CodeIgniter->handleRequest(null, Object(Config\Cache), false)
 7 FCPATH\index.php(79): CodeIgniter\CodeIgniter->run()
 8 SYSTEMPATH\Commands\Server\rewrite.php(47): require_once('C:\\Users\\Windows 10\\Documents\\SEMESTER-5\\lat1\\public\\index.php')
INFO - 2023-12-27 07:25:26 --> Session: Class initialized using 'CodeIgniter\Session\Handlers\FileHandler' driver.
INFO - 2023-12-27 07:25:37 --> Session: Class initialized using 'CodeIgniter\Session\Handlers\FileHandler' driver.
CRITICAL - 2023-12-27 07:25:59 --> Undefined array key "id_kas_mesjid"
in APPPATH\Views\kasmasjid\v_kasmasjid.php on line 52.
 1 APPPATH\Views\kasmasjid\v_kasmasjid.php(52): CodeIgniter\Debug\Exceptions->errorHandler(2, 'Undefined array key "id_kas_mesjid"', 'C:\\Users\\Windows 10\\Documents\\SEMESTER-5\\lat1\\app\\Views\\kasmasjid\\v_kasmasjid.php', 52)
 2 SYSTEMPATH\View\View.php(226): include('C:\\Users\\Windows 10\\Documents\\SEMESTER-5\\lat1\\app\\Views\\kasmasjid\\v_kasmasjid.php')
 3 SYSTEMPATH\View\View.php(229): CodeIgniter\View\View->CodeIgniter\View\{closure}()
 4 SYSTEMPATH\Common.php(1188): CodeIgniter\View\View->render('kasmasjid/v_kasmasjid', [], true)
 5 APPPATH\Controllers\Kasmasjid.php(11): view('kasmasjid/v_kasmasjid', [...])
 6 SYSTEMPATH\CodeIgniter.php(919): App\Controllers\Kasmasjid->index()
 7 SYSTEMPATH\CodeIgniter.php(494): CodeIgniter\CodeIgniter->runController(Object(App\Controllers\Kasmasjid))
 8 SYSTEMPATH\CodeIgniter.php(353): CodeIgniter\CodeIgniter->handleRequest(null, Object(Config\Cache), false)
 9 FCPATH\index.php(79): CodeIgniter\CodeIgniter->run()
10 SYSTEMPATH\Commands\Server\rewrite.php(47): require_once('C:\\Users\\Windows 10\\Documents\\SEMESTER-5\\lat1\\public\\index.php')
INFO - 2023-12-27 07:26:43 --> Session: Class initialized using 'CodeIgniter\Session\Handlers\FileHandler' driver.
INFO - 2023-12-27 07:30:53 --> Session: Class initialized using 'CodeIgniter\Session\Handlers\FileHandler' driver.
INFO - 2023-12-27 07:31:02 --> Session: Class initialized using 'CodeIgniter\Session\Handlers\FileHandler' driver.
INFO - 2023-12-27 07:31:07 --> Session: Class initialized using 'CodeIgniter\Session\Handlers\FileHandler' driver.
CRITICAL - 2023-12-27 07:35:42 --> You must set the database table to be used with your query.
in SYSTEMPATH\Database\BaseConnection.php on line 883.
 1 SYSTEMPATH\Model.php(635): CodeIgniter\Database\BaseConnection->table(null)
 2 SYSTEMPATH\Model.php(863): CodeIgniter\Model->builder()
 3 APPPATH\Controllers\KasKeluar.php(10): CodeIgniter\Model->__call('getKasmasjid', [])
 4 SYSTEMPATH\CodeIgniter.php(919): App\Controllers\KasKeluar->index()
 5 SYSTEMPATH\CodeIgniter.php(494): CodeIgniter\CodeIgniter->runController(Object(App\Controllers\KasKeluar))
 6 SYSTEMPATH\CodeIgniter.php(353): CodeIgniter\CodeIgniter->handleRequest(null, Object(Config\Cache), false)
 7 FCPATH\index.php(79): CodeIgniter\CodeIgniter->run()
 8 SYSTEMPATH\Commands\Server\rewrite.php(47): require_once('C:\\Users\\Windows 10\\Documents\\SEMESTER-5\\lat1\\public\\index.php')
INFO - 2023-12-27 08:04:14 --> Session: Class initialized using 'CodeIgniter\Session\Handlers\FileHandler' driver.
INFO - 2023-12-27 08:06:55 --> Session: Class initialized using 'CodeIgniter\Session\Handlers\FileHandler' driver.
INFO - 2023-12-27 08:07:08 --> Session: Class initialized using 'CodeIgniter\Session\Handlers\FileHandler' driver.
INFO - 2023-12-27 08:07:10 --> Session: Class initialized using 'CodeIgniter\Session\Handlers\FileHandler' driver.
INFO - 2023-12-27 08:07:20 --> Session: Class initialized using 'CodeIgniter\Session\Handlers\FileHandler' driver.
INFO - 2023-12-27 08:07:22 --> Session: Class initialized using 'CodeIgniter\Session\Handlers\FileHandler' driver.
