CRITICAL - 2023-10-30 07:55:18 --> Cannot redeclare App\Controllers\Home::proses()
in APPPATH\Controllers\Home.php on line 56.
 1 [internal function]: CodeIgniter\Debug\Exceptions->shutdownHandler()
CRITICAL - 2023-10-30 07:55:35 --> Cannot redeclare App\Controllers\Home::proses()
in APPPATH\Controllers\Home.php on line 56.
 1 [internal function]: CodeIgniter\Debug\Exceptions->shutdownHandler()
CRITICAL - 2023-10-30 07:55:52 --> Cannot redeclare App\Controllers\Home::proses()
in APPPATH\Controllers\Home.php on line 56.
 1 [internal function]: CodeIgniter\Debug\Exceptions->shutdownHandler()
CRITICAL - 2023-10-30 07:55:55 --> Cannot redeclare App\Controllers\Home::proses()
in APPPATH\Controllers\Home.php on line 56.
 1 [internal function]: CodeIgniter\Debug\Exceptions->shutdownHandler()
CRITICAL - 2023-10-30 07:55:56 --> Cannot redeclare App\Controllers\Home::proses()
in APPPATH\Controllers\Home.php on line 56.
 1 [internal function]: CodeIgniter\Debug\Exceptions->shutdownHandler()
CRITICAL - 2023-10-30 07:56:26 --> Cannot redeclare App\Controllers\Home::proses()
in APPPATH\Controllers\Home.php on line 56.
 1 [internal function]: CodeIgniter\Debug\Exceptions->shutdownHandler()
CRITICAL - 2023-10-30 07:56:51 --> Cannot redeclare App\Controllers\Home::proses()
in APPPATH\Controllers\Home.php on line 56.
 1 [internal function]: CodeIgniter\Debug\Exceptions->shutdownHandler()
CRITICAL - 2023-10-30 07:57:25 --> Cannot redeclare App\Controllers\Home::proses()
in APPPATH\Controllers\Home.php on line 56.
 1 [internal function]: CodeIgniter\Debug\Exceptions->shutdownHandler()
CRITICAL - 2023-10-30 07:57:32 --> Cannot redeclare App\Controllers\Home::proses()
in APPPATH\Controllers\Home.php on line 56.
 1 [internal function]: CodeIgniter\Debug\Exceptions->shutdownHandler()
CRITICAL - 2023-10-30 07:57:56 --> Cannot redeclare App\Controllers\Home::proses()
in APPPATH\Controllers\Home.php on line 56.
 1 [internal function]: CodeIgniter\Debug\Exceptions->shutdownHandler()
CRITICAL - 2023-10-30 07:57:57 --> Cannot redeclare App\Controllers\Home::proses()
in APPPATH\Controllers\Home.php on line 56.
 1 [internal function]: CodeIgniter\Debug\Exceptions->shutdownHandler()
CRITICAL - 2023-10-30 07:57:58 --> Cannot redeclare App\Controllers\Home::proses()
in APPPATH\Controllers\Home.php on line 56.
 1 [internal function]: CodeIgniter\Debug\Exceptions->shutdownHandler()
CRITICAL - 2023-10-30 07:57:58 --> Cannot redeclare App\Controllers\Home::proses()
in APPPATH\Controllers\Home.php on line 56.
 1 [internal function]: CodeIgniter\Debug\Exceptions->shutdownHandler()
CRITICAL - 2023-10-30 08:05:04 --> Undefined variable $hasil
in APPPATH\Controllers\Home.php on line 68.
 1 APPPATH\Controllers\Home.php(68): CodeIgniter\Debug\Exceptions->errorHandler(2, 'Undefined variable $hasil', 'C:\\xampp\\htdocs\\lat1\\app\\Controllers\\Home.php', 68)
 2 SYSTEMPATH\CodeIgniter.php(919): App\Controllers\Home->tampilbiaya()
 3 SYSTEMPATH\CodeIgniter.php(494): CodeIgniter\CodeIgniter->runController(Object(App\Controllers\Home))
 4 SYSTEMPATH\CodeIgniter.php(353): CodeIgniter\CodeIgniter->handleRequest(null, Object(Config\Cache), false)
 5 FCPATH\index.php(79): CodeIgniter\CodeIgniter->run()
CRITICAL - 2023-10-30 08:09:21 --> Undefined variable $hasil
in APPPATH\Controllers\Home.php on line 68.
 1 APPPATH\Controllers\Home.php(68): CodeIgniter\Debug\Exceptions->errorHandler(2, 'Undefined variable $hasil', 'C:\\xampp\\htdocs\\lat1\\app\\Controllers\\Home.php', 68)
 2 SYSTEMPATH\CodeIgniter.php(919): App\Controllers\Home->tampilbiaya()
 3 SYSTEMPATH\CodeIgniter.php(494): CodeIgniter\CodeIgniter->runController(Object(App\Controllers\Home))
 4 SYSTEMPATH\CodeIgniter.php(353): CodeIgniter\CodeIgniter->handleRequest(null, Object(Config\Cache), false)
 5 FCPATH\index.php(79): CodeIgniter\CodeIgniter->run()
CRITICAL - 2023-10-30 08:34:48 --> Undefined variable $uas
in APPPATH\Controllers\Home.php on line 71.
 1 APPPATH\Controllers\Home.php(71): CodeIgniter\Debug\Exceptions->errorHandler(2, 'Undefined variable $uas', 'C:\\Users\\Windows 10\\Documents\\SEMESTER-5\\lat1\\app\\Controllers\\Home.php', 71)
 2 SYSTEMPATH\CodeIgniter.php(919): App\Controllers\Home->tampilbiaya()
 3 SYSTEMPATH\CodeIgniter.php(494): CodeIgniter\CodeIgniter->runController(Object(App\Controllers\Home))
 4 SYSTEMPATH\CodeIgniter.php(353): CodeIgniter\CodeIgniter->handleRequest(null, Object(Config\Cache), false)
 5 FCPATH\index.php(79): CodeIgniter\CodeIgniter->run()
 6 SYSTEMPATH\Commands\Server\rewrite.php(47): require_once('C:\\Users\\Windows 10\\Documents\\SEMESTER-5\\lat1\\public\\index.php')
