CRITICAL - 2023-11-20 04:40:20 --> You must set the database table to be used with your query.
in SYSTEMPATH\Database\BaseConnection.php on line 883.
 1 SYSTEMPATH\Model.php(635): CodeIgniter\Database\BaseConnection->table(null)
 2 SYSTEMPATH\Model.php(863): CodeIgniter\Model->builder()
 3 APPPATH\Controllers\Pengurus.php(12): CodeIgniter\Model->__call('getPengurus', [])
 4 SYSTEMPATH\CodeIgniter.php(919): App\Controllers\Pengurus->index()
 5 SYSTEMPATH\CodeIgniter.php(494): CodeIgniter\CodeIgniter->runController(Object(App\Controllers\Pengurus))
 6 SYSTEMPATH\CodeIgniter.php(353): CodeIgniter\CodeIgniter->handleRequest(null, Object(Config\Cache), false)
 7 FCPATH\index.php(79): CodeIgniter\CodeIgniter->run()
 8 SYSTEMPATH\Commands\Server\rewrite.php(47): require_once('C:\\Users\\Windows 10\\Documents\\SEMESTER-5\\lat1\\public\\index.php')
CRITICAL - 2023-11-20 04:42:01 --> You must set the database table to be used with your query.
in SYSTEMPATH\Database\BaseConnection.php on line 883.
 1 SYSTEMPATH\Model.php(635): CodeIgniter\Database\BaseConnection->table(null)
 2 SYSTEMPATH\Model.php(863): CodeIgniter\Model->builder()
 3 APPPATH\Controllers\Pengurus.php(12): CodeIgniter\Model->__call('getPengurus', [])
 4 SYSTEMPATH\CodeIgniter.php(919): App\Controllers\Pengurus->index()
 5 SYSTEMPATH\CodeIgniter.php(494): CodeIgniter\CodeIgniter->runController(Object(App\Controllers\Pengurus))
 6 SYSTEMPATH\CodeIgniter.php(353): CodeIgniter\CodeIgniter->handleRequest(null, Object(Config\Cache), false)
 7 FCPATH\index.php(79): CodeIgniter\CodeIgniter->run()
 8 SYSTEMPATH\Commands\Server\rewrite.php(47): require_once('C:\\Users\\Windows 10\\Documents\\SEMESTER-5\\lat1\\public\\index.php')
CRITICAL - 2023-11-20 04:48:15 --> Undefined array key "id_user"
in APPPATH\Views\user\v_user.php on line 51.
 1 APPPATH\Views\user\v_user.php(51): CodeIgniter\Debug\Exceptions->errorHandler(2, 'Undefined array key "id_user"', 'C:\\Users\\Windows 10\\Documents\\SEMESTER-5\\lat1\\app\\Views\\user\\v_user.php', 51)
 2 SYSTEMPATH\View\View.php(226): include('C:\\Users\\Windows 10\\Documents\\SEMESTER-5\\lat1\\app\\Views\\user\\v_user.php')
 3 SYSTEMPATH\View\View.php(229): CodeIgniter\View\View->CodeIgniter\View\{closure}()
 4 SYSTEMPATH\Common.php(1188): CodeIgniter\View\View->render('user/v_user', [], true)
 5 APPPATH\Controllers\User.php(13): view('user/v_user', [...])
 6 SYSTEMPATH\CodeIgniter.php(919): App\Controllers\User->index()
 7 SYSTEMPATH\CodeIgniter.php(494): CodeIgniter\CodeIgniter->runController(Object(App\Controllers\User))
 8 SYSTEMPATH\CodeIgniter.php(353): CodeIgniter\CodeIgniter->handleRequest(null, Object(Config\Cache), false)
 9 FCPATH\index.php(79): CodeIgniter\CodeIgniter->run()
10 SYSTEMPATH\Commands\Server\rewrite.php(47): require_once('C:\\Users\\Windows 10\\Documents\\SEMESTER-5\\lat1\\public\\index.php')
CRITICAL - 2023-11-20 04:48:46 --> You must set the database table to be used with your query.
in SYSTEMPATH\Database\BaseConnection.php on line 883.
 1 SYSTEMPATH\Model.php(635): CodeIgniter\Database\BaseConnection->table(null)
 2 SYSTEMPATH\Model.php(863): CodeIgniter\Model->builder()
 3 APPPATH\Controllers\Pengurus.php(12): CodeIgniter\Model->__call('getPengurus', [])
 4 SYSTEMPATH\CodeIgniter.php(919): App\Controllers\Pengurus->index()
 5 SYSTEMPATH\CodeIgniter.php(494): CodeIgniter\CodeIgniter->runController(Object(App\Controllers\Pengurus))
 6 SYSTEMPATH\CodeIgniter.php(353): CodeIgniter\CodeIgniter->handleRequest(null, Object(Config\Cache), false)
 7 FCPATH\index.php(79): CodeIgniter\CodeIgniter->run()
 8 SYSTEMPATH\Commands\Server\rewrite.php(47): require_once('C:\\Users\\Windows 10\\Documents\\SEMESTER-5\\lat1\\public\\index.php')
CRITICAL - 2023-11-20 04:48:46 --> You must set the database table to be used with your query.
in SYSTEMPATH\Database\BaseConnection.php on line 883.
 1 SYSTEMPATH\Model.php(635): CodeIgniter\Database\BaseConnection->table(null)
 2 SYSTEMPATH\Model.php(863): CodeIgniter\Model->builder()
 3 APPPATH\Controllers\Pengurus.php(12): CodeIgniter\Model->__call('getPengurus', [])
 4 SYSTEMPATH\CodeIgniter.php(919): App\Controllers\Pengurus->index()
 5 SYSTEMPATH\CodeIgniter.php(494): CodeIgniter\CodeIgniter->runController(Object(App\Controllers\Pengurus))
 6 SYSTEMPATH\CodeIgniter.php(353): CodeIgniter\CodeIgniter->handleRequest(null, Object(Config\Cache), false)
 7 FCPATH\index.php(79): CodeIgniter\CodeIgniter->run()
 8 SYSTEMPATH\Commands\Server\rewrite.php(47): require_once('C:\\Users\\Windows 10\\Documents\\SEMESTER-5\\lat1\\public\\index.php')
CRITICAL - 2023-11-20 04:50:50 --> You must set the database table to be used with your query.
in SYSTEMPATH\Database\BaseConnection.php on line 883.
 1 SYSTEMPATH\Model.php(635): CodeIgniter\Database\BaseConnection->table(null)
 2 SYSTEMPATH\Model.php(863): CodeIgniter\Model->builder()
 3 APPPATH\Controllers\Pengurus.php(12): CodeIgniter\Model->__call('getPengurus', [])
 4 SYSTEMPATH\CodeIgniter.php(919): App\Controllers\Pengurus->index()
 5 SYSTEMPATH\CodeIgniter.php(494): CodeIgniter\CodeIgniter->runController(Object(App\Controllers\Pengurus))
 6 SYSTEMPATH\CodeIgniter.php(353): CodeIgniter\CodeIgniter->handleRequest(null, Object(Config\Cache), false)
 7 FCPATH\index.php(79): CodeIgniter\CodeIgniter->run()
 8 SYSTEMPATH\Commands\Server\rewrite.php(47): require_once('C:\\Users\\Windows 10\\Documents\\SEMESTER-5\\lat1\\public\\index.php')
CRITICAL - 2023-11-20 04:50:55 --> You must set the database table to be used with your query.
in SYSTEMPATH\Database\BaseConnection.php on line 883.
 1 SYSTEMPATH\Model.php(635): CodeIgniter\Database\BaseConnection->table(null)
 2 SYSTEMPATH\Model.php(863): CodeIgniter\Model->builder()
 3 APPPATH\Controllers\Pengurus.php(12): CodeIgniter\Model->__call('getPengurus', [])
 4 SYSTEMPATH\CodeIgniter.php(919): App\Controllers\Pengurus->index()
 5 SYSTEMPATH\CodeIgniter.php(494): CodeIgniter\CodeIgniter->runController(Object(App\Controllers\Pengurus))
 6 SYSTEMPATH\CodeIgniter.php(353): CodeIgniter\CodeIgniter->handleRequest(null, Object(Config\Cache), false)
 7 FCPATH\index.php(79): CodeIgniter\CodeIgniter->run()
 8 SYSTEMPATH\Commands\Server\rewrite.php(47): require_once('C:\\Users\\Windows 10\\Documents\\SEMESTER-5\\lat1\\public\\index.php')
CRITICAL - 2023-11-20 05:24:46 --> You must set the database table to be used with your query.
in SYSTEMPATH\Database\BaseConnection.php on line 883.
 1 SYSTEMPATH\Model.php(635): CodeIgniter\Database\BaseConnection->table(null)
 2 SYSTEMPATH\Model.php(863): CodeIgniter\Model->builder()
 3 APPPATH\Controllers\Pengurus.php(12): CodeIgniter\Model->__call('getPengurus', [])
 4 SYSTEMPATH\CodeIgniter.php(919): App\Controllers\Pengurus->index()
 5 SYSTEMPATH\CodeIgniter.php(494): CodeIgniter\CodeIgniter->runController(Object(App\Controllers\Pengurus))
 6 SYSTEMPATH\CodeIgniter.php(353): CodeIgniter\CodeIgniter->handleRequest(null, Object(Config\Cache), false)
 7 FCPATH\index.php(79): CodeIgniter\CodeIgniter->run()
 8 SYSTEMPATH\Commands\Server\rewrite.php(47): require_once('C:\\Users\\Windows 10\\Documents\\SEMESTER-5\\lat1\\public\\index.php')
CRITICAL - 2023-11-20 05:24:52 --> You must set the database table to be used with your query.
in SYSTEMPATH\Database\BaseConnection.php on line 883.
 1 SYSTEMPATH\Model.php(635): CodeIgniter\Database\BaseConnection->table(null)
 2 SYSTEMPATH\Model.php(863): CodeIgniter\Model->builder()
 3 APPPATH\Controllers\Pengurus.php(12): CodeIgniter\Model->__call('getPengurus', [])
 4 SYSTEMPATH\CodeIgniter.php(919): App\Controllers\Pengurus->index()
 5 SYSTEMPATH\CodeIgniter.php(494): CodeIgniter\CodeIgniter->runController(Object(App\Controllers\Pengurus))
 6 SYSTEMPATH\CodeIgniter.php(353): CodeIgniter\CodeIgniter->handleRequest(null, Object(Config\Cache), false)
 7 FCPATH\index.php(79): CodeIgniter\CodeIgniter->run()
 8 SYSTEMPATH\Commands\Server\rewrite.php(47): require_once('C:\\Users\\Windows 10\\Documents\\SEMESTER-5\\lat1\\public\\index.php')
CRITICAL - 2023-11-20 05:46:18 --> You must set the database table to be used with your query.
in SYSTEMPATH\Database\BaseConnection.php on line 883.
 1 SYSTEMPATH\Model.php(635): CodeIgniter\Database\BaseConnection->table(null)
 2 SYSTEMPATH\Model.php(863): CodeIgniter\Model->builder()
 3 APPPATH\Controllers\Pengurus.php(12): CodeIgniter\Model->__call('getPengurus', [])
 4 SYSTEMPATH\CodeIgniter.php(919): App\Controllers\Pengurus->index()
 5 SYSTEMPATH\CodeIgniter.php(494): CodeIgniter\CodeIgniter->runController(Object(App\Controllers\Pengurus))
 6 SYSTEMPATH\CodeIgniter.php(353): CodeIgniter\CodeIgniter->handleRequest(null, Object(Config\Cache), false)
 7 FCPATH\index.php(79): CodeIgniter\CodeIgniter->run()
 8 SYSTEMPATH\Commands\Server\rewrite.php(47): require_once('C:\\Users\\Windows 10\\Documents\\SEMESTER-5\\lat1\\public\\index.php')
CRITICAL - 2023-11-20 06:14:23 --> You must set the database table to be used with your query.
in SYSTEMPATH\Database\BaseConnection.php on line 883.
 1 SYSTEMPATH\Model.php(635): CodeIgniter\Database\BaseConnection->table(null)
 2 SYSTEMPATH\Model.php(863): CodeIgniter\Model->builder()
 3 APPPATH\Controllers\Pengurus.php(12): CodeIgniter\Model->__call('getPengurus', [])
 4 SYSTEMPATH\CodeIgniter.php(919): App\Controllers\Pengurus->index()
 5 SYSTEMPATH\CodeIgniter.php(494): CodeIgniter\CodeIgniter->runController(Object(App\Controllers\Pengurus))
 6 SYSTEMPATH\CodeIgniter.php(353): CodeIgniter\CodeIgniter->handleRequest(null, Object(Config\Cache), false)
 7 FCPATH\index.php(79): CodeIgniter\CodeIgniter->run()
 8 SYSTEMPATH\Commands\Server\rewrite.php(47): require_once('C:\\Users\\Windows 10\\Documents\\SEMESTER-5\\lat1\\public\\index.php')
CRITICAL - 2023-11-20 06:14:31 --> You must set the database table to be used with your query.
in SYSTEMPATH\Database\BaseConnection.php on line 883.
 1 SYSTEMPATH\Model.php(635): CodeIgniter\Database\BaseConnection->table(null)
 2 SYSTEMPATH\Model.php(863): CodeIgniter\Model->builder()
 3 APPPATH\Controllers\Pengurus.php(12): CodeIgniter\Model->__call('getPengurus', [])
 4 SYSTEMPATH\CodeIgniter.php(919): App\Controllers\Pengurus->index()
 5 SYSTEMPATH\CodeIgniter.php(494): CodeIgniter\CodeIgniter->runController(Object(App\Controllers\Pengurus))
 6 SYSTEMPATH\CodeIgniter.php(353): CodeIgniter\CodeIgniter->handleRequest(null, Object(Config\Cache), false)
 7 FCPATH\index.php(79): CodeIgniter\CodeIgniter->run()
 8 SYSTEMPATH\Commands\Server\rewrite.php(47): require_once('C:\\Users\\Windows 10\\Documents\\SEMESTER-5\\lat1\\public\\index.php')
CRITICAL - 2023-11-20 06:14:31 --> You must set the database table to be used with your query.
in SYSTEMPATH\Database\BaseConnection.php on line 883.
 1 SYSTEMPATH\Model.php(635): CodeIgniter\Database\BaseConnection->table(null)
 2 SYSTEMPATH\Model.php(863): CodeIgniter\Model->builder()
 3 APPPATH\Controllers\Pengurus.php(12): CodeIgniter\Model->__call('getPengurus', [])
 4 SYSTEMPATH\CodeIgniter.php(919): App\Controllers\Pengurus->index()
 5 SYSTEMPATH\CodeIgniter.php(494): CodeIgniter\CodeIgniter->runController(Object(App\Controllers\Pengurus))
 6 SYSTEMPATH\CodeIgniter.php(353): CodeIgniter\CodeIgniter->handleRequest(null, Object(Config\Cache), false)
 7 FCPATH\index.php(79): CodeIgniter\CodeIgniter->run()
 8 SYSTEMPATH\Commands\Server\rewrite.php(47): require_once('C:\\Users\\Windows 10\\Documents\\SEMESTER-5\\lat1\\public\\index.php')
CRITICAL - 2023-11-20 06:14:44 --> Undefined array key "id_user"
in APPPATH\Views\user\v_user.php on line 51.
 1 APPPATH\Views\user\v_user.php(51): CodeIgniter\Debug\Exceptions->errorHandler(2, 'Undefined array key "id_user"', 'C:\\Users\\Windows 10\\Documents\\SEMESTER-5\\lat1\\app\\Views\\user\\v_user.php', 51)
 2 SYSTEMPATH\View\View.php(226): include('C:\\Users\\Windows 10\\Documents\\SEMESTER-5\\lat1\\app\\Views\\user\\v_user.php')
 3 SYSTEMPATH\View\View.php(229): CodeIgniter\View\View->CodeIgniter\View\{closure}()
 4 SYSTEMPATH\Common.php(1188): CodeIgniter\View\View->render('user/v_user', [], true)
 5 APPPATH\Controllers\User.php(13): view('user/v_user', [...])
 6 SYSTEMPATH\CodeIgniter.php(919): App\Controllers\User->index()
 7 SYSTEMPATH\CodeIgniter.php(494): CodeIgniter\CodeIgniter->runController(Object(App\Controllers\User))
 8 SYSTEMPATH\CodeIgniter.php(353): CodeIgniter\CodeIgniter->handleRequest(null, Object(Config\Cache), false)
 9 FCPATH\index.php(79): CodeIgniter\CodeIgniter->run()
10 SYSTEMPATH\Commands\Server\rewrite.php(47): require_once('C:\\Users\\Windows 10\\Documents\\SEMESTER-5\\lat1\\public\\index.php')
CRITICAL - 2023-11-20 06:14:50 --> You must set the database table to be used with your query.
in SYSTEMPATH\Database\BaseConnection.php on line 883.
 1 SYSTEMPATH\Model.php(635): CodeIgniter\Database\BaseConnection->table(null)
 2 SYSTEMPATH\Model.php(863): CodeIgniter\Model->builder()
 3 APPPATH\Controllers\Pengurus.php(12): CodeIgniter\Model->__call('getPengurus', [])
 4 SYSTEMPATH\CodeIgniter.php(919): App\Controllers\Pengurus->index()
 5 SYSTEMPATH\CodeIgniter.php(494): CodeIgniter\CodeIgniter->runController(Object(App\Controllers\Pengurus))
 6 SYSTEMPATH\CodeIgniter.php(353): CodeIgniter\CodeIgniter->handleRequest(null, Object(Config\Cache), false)
 7 FCPATH\index.php(79): CodeIgniter\CodeIgniter->run()
 8 SYSTEMPATH\Commands\Server\rewrite.php(47): require_once('C:\\Users\\Windows 10\\Documents\\SEMESTER-5\\lat1\\public\\index.php')
CRITICAL - 2023-11-20 06:14:51 --> You must set the database table to be used with your query.
in SYSTEMPATH\Database\BaseConnection.php on line 883.
 1 SYSTEMPATH\Model.php(635): CodeIgniter\Database\BaseConnection->table(null)
 2 SYSTEMPATH\Model.php(863): CodeIgniter\Model->builder()
 3 APPPATH\Controllers\Pengurus.php(12): CodeIgniter\Model->__call('getPengurus', [])
 4 SYSTEMPATH\CodeIgniter.php(919): App\Controllers\Pengurus->index()
 5 SYSTEMPATH\CodeIgniter.php(494): CodeIgniter\CodeIgniter->runController(Object(App\Controllers\Pengurus))
 6 SYSTEMPATH\CodeIgniter.php(353): CodeIgniter\CodeIgniter->handleRequest(null, Object(Config\Cache), false)
 7 FCPATH\index.php(79): CodeIgniter\CodeIgniter->run()
 8 SYSTEMPATH\Commands\Server\rewrite.php(47): require_once('C:\\Users\\Windows 10\\Documents\\SEMESTER-5\\lat1\\public\\index.php')
CRITICAL - 2023-11-20 06:19:09 --> You must set the database table to be used with your query.
in SYSTEMPATH\Database\BaseConnection.php on line 883.
 1 SYSTEMPATH\Model.php(635): CodeIgniter\Database\BaseConnection->table(null)
 2 SYSTEMPATH\Model.php(863): CodeIgniter\Model->builder()
 3 APPPATH\Controllers\Pengurus.php(12): CodeIgniter\Model->__call('getPengurus', [])
 4 SYSTEMPATH\CodeIgniter.php(919): App\Controllers\Pengurus->index()
 5 SYSTEMPATH\CodeIgniter.php(494): CodeIgniter\CodeIgniter->runController(Object(App\Controllers\Pengurus))
 6 SYSTEMPATH\CodeIgniter.php(353): CodeIgniter\CodeIgniter->handleRequest(null, Object(Config\Cache), false)
 7 FCPATH\index.php(79): CodeIgniter\CodeIgniter->run()
 8 SYSTEMPATH\Commands\Server\rewrite.php(47): require_once('C:\\Users\\Windows 10\\Documents\\SEMESTER-5\\lat1\\public\\index.php')
CRITICAL - 2023-11-20 06:20:42 --> You must set the database table to be used with your query.
in SYSTEMPATH\Database\BaseConnection.php on line 883.
 1 SYSTEMPATH\Model.php(635): CodeIgniter\Database\BaseConnection->table(null)
 2 SYSTEMPATH\Model.php(863): CodeIgniter\Model->builder()
 3 APPPATH\Controllers\Pengurus.php(12): CodeIgniter\Model->__call('getPengurus', [])
 4 SYSTEMPATH\CodeIgniter.php(919): App\Controllers\Pengurus->index()
 5 SYSTEMPATH\CodeIgniter.php(494): CodeIgniter\CodeIgniter->runController(Object(App\Controllers\Pengurus))
 6 SYSTEMPATH\CodeIgniter.php(353): CodeIgniter\CodeIgniter->handleRequest(null, Object(Config\Cache), false)
 7 FCPATH\index.php(79): CodeIgniter\CodeIgniter->run()
 8 SYSTEMPATH\Commands\Server\rewrite.php(47): require_once('C:\\Users\\Windows 10\\Documents\\SEMESTER-5\\lat1\\public\\index.php')
CRITICAL - 2023-11-20 06:20:44 --> You must set the database table to be used with your query.
in SYSTEMPATH\Database\BaseConnection.php on line 883.
 1 SYSTEMPATH\Model.php(635): CodeIgniter\Database\BaseConnection->table(null)
 2 SYSTEMPATH\Model.php(863): CodeIgniter\Model->builder()
 3 APPPATH\Controllers\Pengurus.php(12): CodeIgniter\Model->__call('getPengurus', [])
 4 SYSTEMPATH\CodeIgniter.php(919): App\Controllers\Pengurus->index()
 5 SYSTEMPATH\CodeIgniter.php(494): CodeIgniter\CodeIgniter->runController(Object(App\Controllers\Pengurus))
 6 SYSTEMPATH\CodeIgniter.php(353): CodeIgniter\CodeIgniter->handleRequest(null, Object(Config\Cache), false)
 7 FCPATH\index.php(79): CodeIgniter\CodeIgniter->run()
 8 SYSTEMPATH\Commands\Server\rewrite.php(47): require_once('C:\\Users\\Windows 10\\Documents\\SEMESTER-5\\lat1\\public\\index.php')
ERROR - 2023-11-20 06:25:01 --> Error connecting to the database: mysqli_sql_exception: Unknown database 'db-masjid' in C:\Users\Windows 10\Documents\SEMESTER-5\lat1\system\Database\MySQLi\Connection.php:184
Stack trace:
#0 C:\Users\Windows 10\Documents\SEMESTER-5\lat1\system\Database\MySQLi\Connection.php(184): mysqli->real_connect('localhost', 'root', Object(SensitiveParameterValue), 'db-masjid', 3306, '', 0)
#1 C:\Users\Windows 10\Documents\SEMESTER-5\lat1\system\Database\BaseConnection.php(391): CodeIgniter\Database\MySQLi\Connection->connect(false)
#2 C:\Users\Windows 10\Documents\SEMESTER-5\lat1\system\Database\BaseConnection.php(574): CodeIgniter\Database\BaseConnection->initialize()
#3 C:\Users\Windows 10\Documents\SEMESTER-5\lat1\system\Database\BaseBuilder.php(1615): CodeIgniter\Database\BaseConnection->query('SELECT *\nFROM `...', Array, false)
#4 C:\Users\Windows 10\Documents\SEMESTER-5\lat1\app\Models\ModelPengurus.php(12): CodeIgniter\Database\BaseBuilder->get()
#5 C:\Users\Windows 10\Documents\SEMESTER-5\lat1\app\Controllers\User.php(12): App\Models\ModelPengurus->getUser()
#6 C:\Users\Windows 10\Documents\SEMESTER-5\lat1\system\CodeIgniter.php(919): App\Controllers\User->index()
#7 C:\Users\Windows 10\Documents\SEMESTER-5\lat1\system\CodeIgniter.php(494): CodeIgniter\CodeIgniter->runController(Object(App\Controllers\User))
#8 C:\Users\Windows 10\Documents\SEMESTER-5\lat1\system\CodeIgniter.php(353): CodeIgniter\CodeIgniter->handleRequest(NULL, Object(Config\Cache), false)
#9 C:\Users\Windows 10\Documents\SEMESTER-5\lat1\public\index.php(79): CodeIgniter\CodeIgniter->run()
#10 C:\Users\Windows 10\Documents\SEMESTER-5\lat1\system\Commands\Server\rewrite.php(47): require_once('C:\\Users\\Window...')
#11 {main}

Next CodeIgniter\Database\Exceptions\DatabaseException: Unknown database 'db-masjid' in C:\Users\Windows 10\Documents\SEMESTER-5\lat1\system\Database\MySQLi\Connection.php:229
Stack trace:
#0 C:\Users\Windows 10\Documents\SEMESTER-5\lat1\system\Database\BaseConnection.php(391): CodeIgniter\Database\MySQLi\Connection->connect(false)
#1 C:\Users\Windows 10\Documents\SEMESTER-5\lat1\system\Database\BaseConnection.php(574): CodeIgniter\Database\BaseConnection->initialize()
#2 C:\Users\Windows 10\Documents\SEMESTER-5\lat1\system\Database\BaseBuilder.php(1615): CodeIgniter\Database\BaseConnection->query('SELECT *\nFROM `...', Array, false)
#3 C:\Users\Windows 10\Documents\SEMESTER-5\lat1\app\Models\ModelPengurus.php(12): CodeIgniter\Database\BaseBuilder->get()
#4 C:\Users\Windows 10\Documents\SEMESTER-5\lat1\app\Controllers\User.php(12): App\Models\ModelPengurus->getUser()
#5 C:\Users\Windows 10\Documents\SEMESTER-5\lat1\system\CodeIgniter.php(919): App\Controllers\User->index()
#6 C:\Users\Windows 10\Documents\SEMESTER-5\lat1\system\CodeIgniter.php(494): CodeIgniter\CodeIgniter->runController(Object(App\Controllers\User))
#7 C:\Users\Windows 10\Documents\SEMESTER-5\lat1\system\CodeIgniter.php(353): CodeIgniter\CodeIgniter->handleRequest(NULL, Object(Config\Cache), false)
#8 C:\Users\Windows 10\Documents\SEMESTER-5\lat1\public\index.php(79): CodeIgniter\CodeIgniter->run()
#9 C:\Users\Windows 10\Documents\SEMESTER-5\lat1\system\Commands\Server\rewrite.php(47): require_once('C:\\Users\\Window...')
#10 {main}
CRITICAL - 2023-11-20 06:25:01 --> Unable to connect to the database.
Main connection [MySQLi]: Unknown database 'db-masjid'
in SYSTEMPATH\Database\BaseConnection.php on line 427.
 1 SYSTEMPATH\Database\BaseConnection.php(574): CodeIgniter\Database\BaseConnection->initialize()
 2 SYSTEMPATH\Database\BaseBuilder.php(1615): CodeIgniter\Database\BaseConnection->query('SELECT *
FROM `tbl_pengurus`', [], false)
 3 APPPATH\Models\ModelPengurus.php(12): CodeIgniter\Database\BaseBuilder->get()
 4 APPPATH\Controllers\User.php(12): App\Models\ModelPengurus->getUser()
 5 SYSTEMPATH\CodeIgniter.php(919): App\Controllers\User->index()
 6 SYSTEMPATH\CodeIgniter.php(494): CodeIgniter\CodeIgniter->runController(Object(App\Controllers\User))
 7 SYSTEMPATH\CodeIgniter.php(353): CodeIgniter\CodeIgniter->handleRequest(null, Object(Config\Cache), false)
 8 FCPATH\index.php(79): CodeIgniter\CodeIgniter->run()
 9 SYSTEMPATH\Commands\Server\rewrite.php(47): require_once('C:\\Users\\Windows 10\\Documents\\SEMESTER-5\\lat1\\public\\index.php')
ERROR - 2023-11-20 06:26:01 --> Error connecting to the database: mysqli_sql_exception: Unknown database 'db-masjid' in C:\Users\Windows 10\Documents\SEMESTER-5\lat1\system\Database\MySQLi\Connection.php:184
Stack trace:
#0 C:\Users\Windows 10\Documents\SEMESTER-5\lat1\system\Database\MySQLi\Connection.php(184): mysqli->real_connect('localhost', 'root', Object(SensitiveParameterValue), 'db-masjid', 3306, '', 0)
#1 C:\Users\Windows 10\Documents\SEMESTER-5\lat1\system\Database\BaseConnection.php(391): CodeIgniter\Database\MySQLi\Connection->connect(false)
#2 C:\Users\Windows 10\Documents\SEMESTER-5\lat1\system\Database\BaseConnection.php(574): CodeIgniter\Database\BaseConnection->initialize()
#3 C:\Users\Windows 10\Documents\SEMESTER-5\lat1\system\Database\BaseBuilder.php(1615): CodeIgniter\Database\BaseConnection->query('SELECT *\nFROM `...', Array, false)
#4 C:\Users\Windows 10\Documents\SEMESTER-5\lat1\app\Models\ModelPengurus.php(12): CodeIgniter\Database\BaseBuilder->get()
#5 C:\Users\Windows 10\Documents\SEMESTER-5\lat1\app\Controllers\User.php(12): App\Models\ModelPengurus->getUser()
#6 C:\Users\Windows 10\Documents\SEMESTER-5\lat1\system\CodeIgniter.php(919): App\Controllers\User->index()
#7 C:\Users\Windows 10\Documents\SEMESTER-5\lat1\system\CodeIgniter.php(494): CodeIgniter\CodeIgniter->runController(Object(App\Controllers\User))
#8 C:\Users\Windows 10\Documents\SEMESTER-5\lat1\system\CodeIgniter.php(353): CodeIgniter\CodeIgniter->handleRequest(NULL, Object(Config\Cache), false)
#9 C:\Users\Windows 10\Documents\SEMESTER-5\lat1\public\index.php(79): CodeIgniter\CodeIgniter->run()
#10 C:\Users\Windows 10\Documents\SEMESTER-5\lat1\system\Commands\Server\rewrite.php(47): require_once('C:\\Users\\Window...')
#11 {main}

Next CodeIgniter\Database\Exceptions\DatabaseException: Unknown database 'db-masjid' in C:\Users\Windows 10\Documents\SEMESTER-5\lat1\system\Database\MySQLi\Connection.php:229
Stack trace:
#0 C:\Users\Windows 10\Documents\SEMESTER-5\lat1\system\Database\BaseConnection.php(391): CodeIgniter\Database\MySQLi\Connection->connect(false)
#1 C:\Users\Windows 10\Documents\SEMESTER-5\lat1\system\Database\BaseConnection.php(574): CodeIgniter\Database\BaseConnection->initialize()
#2 C:\Users\Windows 10\Documents\SEMESTER-5\lat1\system\Database\BaseBuilder.php(1615): CodeIgniter\Database\BaseConnection->query('SELECT *\nFROM `...', Array, false)
#3 C:\Users\Windows 10\Documents\SEMESTER-5\lat1\app\Models\ModelPengurus.php(12): CodeIgniter\Database\BaseBuilder->get()
#4 C:\Users\Windows 10\Documents\SEMESTER-5\lat1\app\Controllers\User.php(12): App\Models\ModelPengurus->getUser()
#5 C:\Users\Windows 10\Documents\SEMESTER-5\lat1\system\CodeIgniter.php(919): App\Controllers\User->index()
#6 C:\Users\Windows 10\Documents\SEMESTER-5\lat1\system\CodeIgniter.php(494): CodeIgniter\CodeIgniter->runController(Object(App\Controllers\User))
#7 C:\Users\Windows 10\Documents\SEMESTER-5\lat1\system\CodeIgniter.php(353): CodeIgniter\CodeIgniter->handleRequest(NULL, Object(Config\Cache), false)
#8 C:\Users\Windows 10\Documents\SEMESTER-5\lat1\public\index.php(79): CodeIgniter\CodeIgniter->run()
#9 C:\Users\Windows 10\Documents\SEMESTER-5\lat1\system\Commands\Server\rewrite.php(47): require_once('C:\\Users\\Window...')
#10 {main}
CRITICAL - 2023-11-20 06:26:01 --> Unable to connect to the database.
Main connection [MySQLi]: Unknown database 'db-masjid'
in SYSTEMPATH\Database\BaseConnection.php on line 427.
 1 SYSTEMPATH\Database\BaseConnection.php(574): CodeIgniter\Database\BaseConnection->initialize()
 2 SYSTEMPATH\Database\BaseBuilder.php(1615): CodeIgniter\Database\BaseConnection->query('SELECT *
FROM `tbl_pengurus`', [], false)
 3 APPPATH\Models\ModelPengurus.php(12): CodeIgniter\Database\BaseBuilder->get()
 4 APPPATH\Controllers\User.php(12): App\Models\ModelPengurus->getUser()
 5 SYSTEMPATH\CodeIgniter.php(919): App\Controllers\User->index()
 6 SYSTEMPATH\CodeIgniter.php(494): CodeIgniter\CodeIgniter->runController(Object(App\Controllers\User))
 7 SYSTEMPATH\CodeIgniter.php(353): CodeIgniter\CodeIgniter->handleRequest(null, Object(Config\Cache), false)
 8 FCPATH\index.php(79): CodeIgniter\CodeIgniter->run()
 9 SYSTEMPATH\Commands\Server\rewrite.php(47): require_once('C:\\Users\\Windows 10\\Documents\\SEMESTER-5\\lat1\\public\\index.php')
ERROR - 2023-11-20 06:26:02 --> Error connecting to the database: mysqli_sql_exception: Unknown database 'db-masjid' in C:\Users\Windows 10\Documents\SEMESTER-5\lat1\system\Database\MySQLi\Connection.php:184
Stack trace:
#0 C:\Users\Windows 10\Documents\SEMESTER-5\lat1\system\Database\MySQLi\Connection.php(184): mysqli->real_connect('localhost', 'root', Object(SensitiveParameterValue), 'db-masjid', 3306, '', 0)
#1 C:\Users\Windows 10\Documents\SEMESTER-5\lat1\system\Database\BaseConnection.php(391): CodeIgniter\Database\MySQLi\Connection->connect(false)
#2 C:\Users\Windows 10\Documents\SEMESTER-5\lat1\system\Database\BaseConnection.php(574): CodeIgniter\Database\BaseConnection->initialize()
#3 C:\Users\Windows 10\Documents\SEMESTER-5\lat1\system\Database\BaseBuilder.php(1615): CodeIgniter\Database\BaseConnection->query('SELECT *\nFROM `...', Array, false)
#4 C:\Users\Windows 10\Documents\SEMESTER-5\lat1\app\Models\ModelPengurus.php(12): CodeIgniter\Database\BaseBuilder->get()
#5 C:\Users\Windows 10\Documents\SEMESTER-5\lat1\app\Controllers\User.php(12): App\Models\ModelPengurus->getUser()
#6 C:\Users\Windows 10\Documents\SEMESTER-5\lat1\system\CodeIgniter.php(919): App\Controllers\User->index()
#7 C:\Users\Windows 10\Documents\SEMESTER-5\lat1\system\CodeIgniter.php(494): CodeIgniter\CodeIgniter->runController(Object(App\Controllers\User))
#8 C:\Users\Windows 10\Documents\SEMESTER-5\lat1\system\CodeIgniter.php(353): CodeIgniter\CodeIgniter->handleRequest(NULL, Object(Config\Cache), false)
#9 C:\Users\Windows 10\Documents\SEMESTER-5\lat1\public\index.php(79): CodeIgniter\CodeIgniter->run()
#10 C:\Users\Windows 10\Documents\SEMESTER-5\lat1\system\Commands\Server\rewrite.php(47): require_once('C:\\Users\\Window...')
#11 {main}

Next CodeIgniter\Database\Exceptions\DatabaseException: Unknown database 'db-masjid' in C:\Users\Windows 10\Documents\SEMESTER-5\lat1\system\Database\MySQLi\Connection.php:229
Stack trace:
#0 C:\Users\Windows 10\Documents\SEMESTER-5\lat1\system\Database\BaseConnection.php(391): CodeIgniter\Database\MySQLi\Connection->connect(false)
#1 C:\Users\Windows 10\Documents\SEMESTER-5\lat1\system\Database\BaseConnection.php(574): CodeIgniter\Database\BaseConnection->initialize()
#2 C:\Users\Windows 10\Documents\SEMESTER-5\lat1\system\Database\BaseBuilder.php(1615): CodeIgniter\Database\BaseConnection->query('SELECT *\nFROM `...', Array, false)
#3 C:\Users\Windows 10\Documents\SEMESTER-5\lat1\app\Models\ModelPengurus.php(12): CodeIgniter\Database\BaseBuilder->get()
#4 C:\Users\Windows 10\Documents\SEMESTER-5\lat1\app\Controllers\User.php(12): App\Models\ModelPengurus->getUser()
#5 C:\Users\Windows 10\Documents\SEMESTER-5\lat1\system\CodeIgniter.php(919): App\Controllers\User->index()
#6 C:\Users\Windows 10\Documents\SEMESTER-5\lat1\system\CodeIgniter.php(494): CodeIgniter\CodeIgniter->runController(Object(App\Controllers\User))
#7 C:\Users\Windows 10\Documents\SEMESTER-5\lat1\system\CodeIgniter.php(353): CodeIgniter\CodeIgniter->handleRequest(NULL, Object(Config\Cache), false)
#8 C:\Users\Windows 10\Documents\SEMESTER-5\lat1\public\index.php(79): CodeIgniter\CodeIgniter->run()
#9 C:\Users\Windows 10\Documents\SEMESTER-5\lat1\system\Commands\Server\rewrite.php(47): require_once('C:\\Users\\Window...')
#10 {main}
CRITICAL - 2023-11-20 06:26:02 --> Unable to connect to the database.
Main connection [MySQLi]: Unknown database 'db-masjid'
in SYSTEMPATH\Database\BaseConnection.php on line 427.
 1 SYSTEMPATH\Database\BaseConnection.php(574): CodeIgniter\Database\BaseConnection->initialize()
 2 SYSTEMPATH\Database\BaseBuilder.php(1615): CodeIgniter\Database\BaseConnection->query('SELECT *
FROM `tbl_pengurus`', [], false)
 3 APPPATH\Models\ModelPengurus.php(12): CodeIgniter\Database\BaseBuilder->get()
 4 APPPATH\Controllers\User.php(12): App\Models\ModelPengurus->getUser()
 5 SYSTEMPATH\CodeIgniter.php(919): App\Controllers\User->index()
 6 SYSTEMPATH\CodeIgniter.php(494): CodeIgniter\CodeIgniter->runController(Object(App\Controllers\User))
 7 SYSTEMPATH\CodeIgniter.php(353): CodeIgniter\CodeIgniter->handleRequest(null, Object(Config\Cache), false)
 8 FCPATH\index.php(79): CodeIgniter\CodeIgniter->run()
 9 SYSTEMPATH\Commands\Server\rewrite.php(47): require_once('C:\\Users\\Windows 10\\Documents\\SEMESTER-5\\lat1\\public\\index.php')
CRITICAL - 2023-11-20 06:26:10 --> You must set the database table to be used with your query.
in SYSTEMPATH\Database\BaseConnection.php on line 883.
 1 SYSTEMPATH\Model.php(635): CodeIgniter\Database\BaseConnection->table(null)
 2 SYSTEMPATH\Model.php(863): CodeIgniter\Model->builder()
 3 APPPATH\Controllers\Pengurus.php(12): CodeIgniter\Model->__call('getPengurus', [])
 4 SYSTEMPATH\CodeIgniter.php(919): App\Controllers\Pengurus->index()
 5 SYSTEMPATH\CodeIgniter.php(494): CodeIgniter\CodeIgniter->runController(Object(App\Controllers\Pengurus))
 6 SYSTEMPATH\CodeIgniter.php(353): CodeIgniter\CodeIgniter->handleRequest(null, Object(Config\Cache), false)
 7 FCPATH\index.php(79): CodeIgniter\CodeIgniter->run()
 8 SYSTEMPATH\Commands\Server\rewrite.php(47): require_once('C:\\Users\\Windows 10\\Documents\\SEMESTER-5\\lat1\\public\\index.php')
CRITICAL - 2023-11-20 06:26:12 --> You must set the database table to be used with your query.
in SYSTEMPATH\Database\BaseConnection.php on line 883.
 1 SYSTEMPATH\Model.php(635): CodeIgniter\Database\BaseConnection->table(null)
 2 SYSTEMPATH\Model.php(863): CodeIgniter\Model->builder()
 3 APPPATH\Controllers\Pengurus.php(12): CodeIgniter\Model->__call('getPengurus', [])
 4 SYSTEMPATH\CodeIgniter.php(919): App\Controllers\Pengurus->index()
 5 SYSTEMPATH\CodeIgniter.php(494): CodeIgniter\CodeIgniter->runController(Object(App\Controllers\Pengurus))
 6 SYSTEMPATH\CodeIgniter.php(353): CodeIgniter\CodeIgniter->handleRequest(null, Object(Config\Cache), false)
 7 FCPATH\index.php(79): CodeIgniter\CodeIgniter->run()
 8 SYSTEMPATH\Commands\Server\rewrite.php(47): require_once('C:\\Users\\Windows 10\\Documents\\SEMESTER-5\\lat1\\public\\index.php')
CRITICAL - 2023-11-20 06:26:16 --> You must set the database table to be used with your query.
in SYSTEMPATH\Database\BaseConnection.php on line 883.
 1 SYSTEMPATH\Model.php(635): CodeIgniter\Database\BaseConnection->table(null)
 2 SYSTEMPATH\Model.php(863): CodeIgniter\Model->builder()
 3 APPPATH\Controllers\Pengurus.php(12): CodeIgniter\Model->__call('getPengurus', [])
 4 SYSTEMPATH\CodeIgniter.php(919): App\Controllers\Pengurus->index()
 5 SYSTEMPATH\CodeIgniter.php(494): CodeIgniter\CodeIgniter->runController(Object(App\Controllers\Pengurus))
 6 SYSTEMPATH\CodeIgniter.php(353): CodeIgniter\CodeIgniter->handleRequest(null, Object(Config\Cache), false)
 7 FCPATH\index.php(79): CodeIgniter\CodeIgniter->run()
 8 SYSTEMPATH\Commands\Server\rewrite.php(47): require_once('C:\\Users\\Windows 10\\Documents\\SEMESTER-5\\lat1\\public\\index.php')
CRITICAL - 2023-11-20 06:26:17 --> You must set the database table to be used with your query.
in SYSTEMPATH\Database\BaseConnection.php on line 883.
 1 SYSTEMPATH\Model.php(635): CodeIgniter\Database\BaseConnection->table(null)
 2 SYSTEMPATH\Model.php(863): CodeIgniter\Model->builder()
 3 APPPATH\Controllers\Pengurus.php(12): CodeIgniter\Model->__call('getPengurus', [])
 4 SYSTEMPATH\CodeIgniter.php(919): App\Controllers\Pengurus->index()
 5 SYSTEMPATH\CodeIgniter.php(494): CodeIgniter\CodeIgniter->runController(Object(App\Controllers\Pengurus))
 6 SYSTEMPATH\CodeIgniter.php(353): CodeIgniter\CodeIgniter->handleRequest(null, Object(Config\Cache), false)
 7 FCPATH\index.php(79): CodeIgniter\CodeIgniter->run()
 8 SYSTEMPATH\Commands\Server\rewrite.php(47): require_once('C:\\Users\\Windows 10\\Documents\\SEMESTER-5\\lat1\\public\\index.php')
CRITICAL - 2023-11-20 06:27:59 --> You must set the database table to be used with your query.
in SYSTEMPATH\Database\BaseConnection.php on line 883.
 1 SYSTEMPATH\Model.php(635): CodeIgniter\Database\BaseConnection->table(null)
 2 SYSTEMPATH\Model.php(863): CodeIgniter\Model->builder()
 3 APPPATH\Controllers\Pengurus.php(12): CodeIgniter\Model->__call('getPengurus', [])
 4 SYSTEMPATH\CodeIgniter.php(919): App\Controllers\Pengurus->index()
 5 SYSTEMPATH\CodeIgniter.php(494): CodeIgniter\CodeIgniter->runController(Object(App\Controllers\Pengurus))
 6 SYSTEMPATH\CodeIgniter.php(353): CodeIgniter\CodeIgniter->handleRequest(null, Object(Config\Cache), false)
 7 FCPATH\index.php(79): CodeIgniter\CodeIgniter->run()
 8 SYSTEMPATH\Commands\Server\rewrite.php(47): require_once('C:\\Users\\Windows 10\\Documents\\SEMESTER-5\\lat1\\public\\index.php')
CRITICAL - 2023-11-20 06:50:14 --> You must set the database table to be used with your query.
in SYSTEMPATH\Database\BaseConnection.php on line 883.
 1 SYSTEMPATH\Model.php(635): CodeIgniter\Database\BaseConnection->table(null)
 2 SYSTEMPATH\Model.php(863): CodeIgniter\Model->builder()
 3 APPPATH\Controllers\Pengurus.php(12): CodeIgniter\Model->__call('getPengurus', [])
 4 SYSTEMPATH\CodeIgniter.php(919): App\Controllers\Pengurus->index()
 5 SYSTEMPATH\CodeIgniter.php(494): CodeIgniter\CodeIgniter->runController(Object(App\Controllers\Pengurus))
 6 SYSTEMPATH\CodeIgniter.php(353): CodeIgniter\CodeIgniter->handleRequest(null, Object(Config\Cache), false)
 7 FCPATH\index.php(79): CodeIgniter\CodeIgniter->run()
 8 SYSTEMPATH\Commands\Server\rewrite.php(47): require_once('C:\\Users\\Windows 10\\Documents\\SEMESTER-5\\lat1\\public\\index.php')
CRITICAL - 2023-11-20 06:53:25 --> You must set the database table to be used with your query.
in SYSTEMPATH\Database\BaseConnection.php on line 883.
 1 SYSTEMPATH\Model.php(635): CodeIgniter\Database\BaseConnection->table(null)
 2 SYSTEMPATH\Model.php(863): CodeIgniter\Model->builder()
 3 APPPATH\Controllers\Pengurus.php(12): CodeIgniter\Model->__call('getPengurus', [])
 4 SYSTEMPATH\CodeIgniter.php(919): App\Controllers\Pengurus->index()
 5 SYSTEMPATH\CodeIgniter.php(494): CodeIgniter\CodeIgniter->runController(Object(App\Controllers\Pengurus))
 6 SYSTEMPATH\CodeIgniter.php(353): CodeIgniter\CodeIgniter->handleRequest(null, Object(Config\Cache), false)
 7 FCPATH\index.php(79): CodeIgniter\CodeIgniter->run()
 8 SYSTEMPATH\Commands\Server\rewrite.php(47): require_once('C:\\Users\\Windows 10\\Documents\\SEMESTER-5\\lat1\\public\\index.php')
CRITICAL - 2023-11-20 07:00:21 --> You must set the database table to be used with your query.
in SYSTEMPATH\Database\BaseConnection.php on line 883.
 1 SYSTEMPATH\Model.php(635): CodeIgniter\Database\BaseConnection->table(null)
 2 SYSTEMPATH\Model.php(863): CodeIgniter\Model->builder()
 3 APPPATH\Controllers\Pengurus.php(12): CodeIgniter\Model->__call('getPengurus', [])
 4 SYSTEMPATH\CodeIgniter.php(919): App\Controllers\Pengurus->index()
 5 SYSTEMPATH\CodeIgniter.php(494): CodeIgniter\CodeIgniter->runController(Object(App\Controllers\Pengurus))
 6 SYSTEMPATH\CodeIgniter.php(353): CodeIgniter\CodeIgniter->handleRequest(null, Object(Config\Cache), false)
 7 FCPATH\index.php(79): CodeIgniter\CodeIgniter->run()
 8 SYSTEMPATH\Commands\Server\rewrite.php(47): require_once('C:\\Users\\Windows 10\\Documents\\SEMESTER-5\\lat1\\public\\index.php')
CRITICAL - 2023-11-20 07:02:13 --> You must set the database table to be used with your query.
in SYSTEMPATH\Database\BaseConnection.php on line 883.
 1 SYSTEMPATH\Model.php(635): CodeIgniter\Database\BaseConnection->table(null)
 2 SYSTEMPATH\Model.php(863): CodeIgniter\Model->builder()
 3 APPPATH\Controllers\User.php(12): CodeIgniter\Model->__call('getUser', [])
 4 SYSTEMPATH\CodeIgniter.php(919): App\Controllers\User->index()
 5 SYSTEMPATH\CodeIgniter.php(494): CodeIgniter\CodeIgniter->runController(Object(App\Controllers\User))
 6 SYSTEMPATH\CodeIgniter.php(353): CodeIgniter\CodeIgniter->handleRequest(null, Object(Config\Cache), false)
 7 FCPATH\index.php(79): CodeIgniter\CodeIgniter->run()
 8 SYSTEMPATH\Commands\Server\rewrite.php(47): require_once('C:\\Users\\Windows 10\\Documents\\SEMESTER-5\\lat1\\public\\index.php')
CRITICAL - 2023-11-20 07:45:15 --> Undefined variable $modal
in APPPATH\Controllers\Pengurus.php on line 26.
 1 APPPATH\Controllers\Pengurus.php(26): CodeIgniter\Debug\Exceptions->errorHandler(2, 'Undefined variable $modal', 'C:\\Users\\Windows 10\\Documents\\SEMESTER-5\\lat1\\app\\Controllers\\Pengurus.php', 26)
 2 SYSTEMPATH\CodeIgniter.php(919): App\Controllers\Pengurus->save()
 3 SYSTEMPATH\CodeIgniter.php(494): CodeIgniter\CodeIgniter->runController(Object(App\Controllers\Pengurus))
 4 SYSTEMPATH\CodeIgniter.php(353): CodeIgniter\CodeIgniter->handleRequest(null, Object(Config\Cache), false)
 5 FCPATH\index.php(79): CodeIgniter\CodeIgniter->run()
 6 SYSTEMPATH\Commands\Server\rewrite.php(47): require_once('C:\\Users\\Windows 10\\Documents\\SEMESTER-5\\lat1\\public\\index.php')
CRITICAL - 2023-11-20 07:59:00 --> You must set the database table to be used with your query.
in SYSTEMPATH\Database\BaseConnection.php on line 883.
 1 SYSTEMPATH\Model.php(635): CodeIgniter\Database\BaseConnection->table(null)
 2 SYSTEMPATH\Model.php(863): CodeIgniter\Model->builder()
 3 APPPATH\Controllers\User.php(12): CodeIgniter\Model->__call('getUser', [])
 4 SYSTEMPATH\CodeIgniter.php(919): App\Controllers\User->index()
 5 SYSTEMPATH\CodeIgniter.php(494): CodeIgniter\CodeIgniter->runController(Object(App\Controllers\User))
 6 SYSTEMPATH\CodeIgniter.php(353): CodeIgniter\CodeIgniter->handleRequest(null, Object(Config\Cache), false)
 7 FCPATH\index.php(79): CodeIgniter\CodeIgniter->run()
 8 SYSTEMPATH\Commands\Server\rewrite.php(47): require_once('C:\\Users\\Windows 10\\Documents\\SEMESTER-5\\lat1\\public\\index.php')
CRITICAL - 2023-11-20 08:00:25 --> You must set the database table to be used with your query.
in SYSTEMPATH\Database\BaseConnection.php on line 883.
 1 SYSTEMPATH\Model.php(635): CodeIgniter\Database\BaseConnection->table(null)
 2 SYSTEMPATH\Model.php(863): CodeIgniter\Model->builder()
 3 APPPATH\Controllers\User.php(12): CodeIgniter\Model->__call('getUser', [])
 4 SYSTEMPATH\CodeIgniter.php(919): App\Controllers\User->index()
 5 SYSTEMPATH\CodeIgniter.php(494): CodeIgniter\CodeIgniter->runController(Object(App\Controllers\User))
 6 SYSTEMPATH\CodeIgniter.php(353): CodeIgniter\CodeIgniter->handleRequest(null, Object(Config\Cache), false)
 7 FCPATH\index.php(79): CodeIgniter\CodeIgniter->run()
 8 SYSTEMPATH\Commands\Server\rewrite.php(47): require_once('C:\\Users\\Windows 10\\Documents\\SEMESTER-5\\lat1\\public\\index.php')
CRITICAL - 2023-11-20 08:07:32 --> Class "App\Controllers\ModelPengurus" not found
in APPPATH\Controllers\User.php on line 32.
 1 SYSTEMPATH\CodeIgniter.php(919): App\Controllers\User->delete()
 2 SYSTEMPATH\CodeIgniter.php(494): CodeIgniter\CodeIgniter->runController(Object(App\Controllers\User))
 3 SYSTEMPATH\CodeIgniter.php(353): CodeIgniter\CodeIgniter->handleRequest(null, Object(Config\Cache), false)
 4 FCPATH\index.php(79): CodeIgniter\CodeIgniter->run()
 5 SYSTEMPATH\Commands\Server\rewrite.php(47): require_once('C:\\Users\\Windows 10\\Documents\\SEMESTER-5\\lat1\\public\\index.php')
CRITICAL - 2023-11-20 08:08:37 --> You must set the database table to be used with your query.
in SYSTEMPATH\Database\BaseConnection.php on line 883.
 1 SYSTEMPATH\Model.php(635): CodeIgniter\Database\BaseConnection->table(null)
 2 SYSTEMPATH\Model.php(863): CodeIgniter\Model->builder()
 3 APPPATH\Controllers\User.php(34): CodeIgniter\Model->__call('deletepengurus', [...])
 4 SYSTEMPATH\CodeIgniter.php(919): App\Controllers\User->delete()
 5 SYSTEMPATH\CodeIgniter.php(494): CodeIgniter\CodeIgniter->runController(Object(App\Controllers\User))
 6 SYSTEMPATH\CodeIgniter.php(353): CodeIgniter\CodeIgniter->handleRequest(null, Object(Config\Cache), false)
 7 FCPATH\index.php(79): CodeIgniter\CodeIgniter->run()
 8 SYSTEMPATH\Commands\Server\rewrite.php(47): require_once('C:\\Users\\Windows 10\\Documents\\SEMESTER-5\\lat1\\public\\index.php')
CRITICAL - 2023-11-20 08:08:46 --> You must set the database table to be used with your query.
in SYSTEMPATH\Database\BaseConnection.php on line 883.
 1 SYSTEMPATH\Model.php(635): CodeIgniter\Database\BaseConnection->table(null)
 2 SYSTEMPATH\Model.php(863): CodeIgniter\Model->builder()
 3 APPPATH\Controllers\User.php(34): CodeIgniter\Model->__call('deletepengurus', [...])
 4 SYSTEMPATH\CodeIgniter.php(919): App\Controllers\User->delete()
 5 SYSTEMPATH\CodeIgniter.php(494): CodeIgniter\CodeIgniter->runController(Object(App\Controllers\User))
 6 SYSTEMPATH\CodeIgniter.php(353): CodeIgniter\CodeIgniter->handleRequest(null, Object(Config\Cache), false)
 7 FCPATH\index.php(79): CodeIgniter\CodeIgniter->run()
 8 SYSTEMPATH\Commands\Server\rewrite.php(47): require_once('C:\\Users\\Windows 10\\Documents\\SEMESTER-5\\lat1\\public\\index.php')
CRITICAL - 2023-11-20 08:08:57 --> Class "App\Controllers\ModelPengurus" not found
in APPPATH\Controllers\User.php on line 32.
 1 SYSTEMPATH\CodeIgniter.php(919): App\Controllers\User->delete()
 2 SYSTEMPATH\CodeIgniter.php(494): CodeIgniter\CodeIgniter->runController(Object(App\Controllers\User))
 3 SYSTEMPATH\CodeIgniter.php(353): CodeIgniter\CodeIgniter->handleRequest(null, Object(Config\Cache), false)
 4 FCPATH\index.php(79): CodeIgniter\CodeIgniter->run()
 5 SYSTEMPATH\Commands\Server\rewrite.php(47): require_once('C:\\Users\\Windows 10\\Documents\\SEMESTER-5\\lat1\\public\\index.php')
CRITICAL - 2023-11-20 08:09:18 --> You must set the database table to be used with your query.
in SYSTEMPATH\Database\BaseConnection.php on line 883.
 1 SYSTEMPATH\Model.php(635): CodeIgniter\Database\BaseConnection->table(null)
 2 SYSTEMPATH\Model.php(863): CodeIgniter\Model->builder()
 3 APPPATH\Controllers\User.php(34): CodeIgniter\Model->__call('deletepengurus', [...])
 4 SYSTEMPATH\CodeIgniter.php(919): App\Controllers\User->delete()
 5 SYSTEMPATH\CodeIgniter.php(494): CodeIgniter\CodeIgniter->runController(Object(App\Controllers\User))
 6 SYSTEMPATH\CodeIgniter.php(353): CodeIgniter\CodeIgniter->handleRequest(null, Object(Config\Cache), false)
 7 FCPATH\index.php(79): CodeIgniter\CodeIgniter->run()
 8 SYSTEMPATH\Commands\Server\rewrite.php(47): require_once('C:\\Users\\Windows 10\\Documents\\SEMESTER-5\\lat1\\public\\index.php')
CRITICAL - 2023-11-20 08:09:37 --> You must set the database table to be used with your query.
in SYSTEMPATH\Database\BaseConnection.php on line 883.
 1 SYSTEMPATH\Model.php(635): CodeIgniter\Database\BaseConnection->table(null)
 2 SYSTEMPATH\Model.php(863): CodeIgniter\Model->builder()
 3 APPPATH\Controllers\User.php(34): CodeIgniter\Model->__call('deletepengurus', [...])
 4 SYSTEMPATH\CodeIgniter.php(919): App\Controllers\User->delete()
 5 SYSTEMPATH\CodeIgniter.php(494): CodeIgniter\CodeIgniter->runController(Object(App\Controllers\User))
 6 SYSTEMPATH\CodeIgniter.php(353): CodeIgniter\CodeIgniter->handleRequest(null, Object(Config\Cache), false)
 7 FCPATH\index.php(79): CodeIgniter\CodeIgniter->run()
 8 SYSTEMPATH\Commands\Server\rewrite.php(47): require_once('C:\\Users\\Windows 10\\Documents\\SEMESTER-5\\lat1\\public\\index.php')
CRITICAL - 2023-11-20 08:09:41 --> You must set the database table to be used with your query.
in SYSTEMPATH\Database\BaseConnection.php on line 883.
 1 SYSTEMPATH\Model.php(635): CodeIgniter\Database\BaseConnection->table(null)
 2 SYSTEMPATH\Model.php(863): CodeIgniter\Model->builder()
 3 APPPATH\Controllers\User.php(34): CodeIgniter\Model->__call('deletepengurus', [...])
 4 SYSTEMPATH\CodeIgniter.php(919): App\Controllers\User->delete()
 5 SYSTEMPATH\CodeIgniter.php(494): CodeIgniter\CodeIgniter->runController(Object(App\Controllers\User))
 6 SYSTEMPATH\CodeIgniter.php(353): CodeIgniter\CodeIgniter->handleRequest(null, Object(Config\Cache), false)
 7 FCPATH\index.php(79): CodeIgniter\CodeIgniter->run()
 8 SYSTEMPATH\Commands\Server\rewrite.php(47): require_once('C:\\Users\\Windows 10\\Documents\\SEMESTER-5\\lat1\\public\\index.php')
