CRITICAL - 2023-10-25 06:41:59 --> file_get_contents(C:\xampp\htdocs\lat1\writable\debugbar/debugbar_1697614134.491804.json): Failed to open stream: No such file or directory
in SYSTEMPATH\Debug\Toolbar\Collectors\History.php on line 84.
 1 [internal function]: CodeIgniter\Debug\Exceptions->errorHandler(2, 'file_get_contents(C:\\xampp\\htdocs\\lat1\\writable\\debugbar/debugbar_1697614134.491804.json): Failed to open stream: No such file or directory', 'C:\\xampp\\htdocs\\lat1\\system\\Debug\\Toolbar\\Collectors\\History.php', 84)
 2 SYSTEMPATH\Debug\Toolbar\Collectors\History.php(84): file_get_contents('C:\\xampp\\htdocs\\lat1\\writable\\debugbar/debugbar_1697614134.491804.json')
 3 SYSTEMPATH\Debug\Toolbar.php(497): CodeIgniter\Debug\Toolbar\Collectors\History->setFiles('1698216117.197117', 20)
 4 SYSTEMPATH\Debug\Toolbar.php(476): CodeIgniter\Debug\Toolbar->format([...], 'html')
 5 APPPATH\Config\Events.php(47): CodeIgniter\Debug\Toolbar->respond()
 6 SYSTEMPATH\Events\Events.php(152): CodeIgniter\Events\Events::Config\{closure}()
 7 SYSTEMPATH\CodeIgniter.php(434): CodeIgniter\Events\Events::trigger('pre_system')
 8 SYSTEMPATH\CodeIgniter.php(353): CodeIgniter\CodeIgniter->handleRequest(null, Object(Config\Cache), false)
 9 FCPATH\index.php(79): CodeIgniter\CodeIgniter->run()
CRITICAL - 2023-10-25 07:25:15 --> Undefined variable $nama
in APPPATH\Controllers\Home.php on line 45.
 1 APPPATH\Controllers\Home.php(45): CodeIgniter\Debug\Exceptions->errorHandler(2, 'Undefined variable $nama', 'C:\\xampp\\htdocs\\lat1\\app\\Controllers\\Home.php', 45)
 2 SYSTEMPATH\CodeIgniter.php(919): App\Controllers\Home->proses()
 3 SYSTEMPATH\CodeIgniter.php(494): CodeIgniter\CodeIgniter->runController(Object(App\Controllers\Home))
 4 SYSTEMPATH\CodeIgniter.php(353): CodeIgniter\CodeIgniter->handleRequest(null, Object(Config\Cache), false)
 5 FCPATH\index.php(79): CodeIgniter\CodeIgniter->run()
CRITICAL - 2023-10-25 07:28:19 --> Undefined variable $nama
in APPPATH\Controllers\Home.php on line 45.
 1 APPPATH\Controllers\Home.php(45): CodeIgniter\Debug\Exceptions->errorHandler(2, 'Undefined variable $nama', 'C:\\xampp\\htdocs\\lat1\\app\\Controllers\\Home.php', 45)
 2 SYSTEMPATH\CodeIgniter.php(919): App\Controllers\Home->proses()
 3 SYSTEMPATH\CodeIgniter.php(494): CodeIgniter\CodeIgniter->runController(Object(App\Controllers\Home))
 4 SYSTEMPATH\CodeIgniter.php(353): CodeIgniter\CodeIgniter->handleRequest(null, Object(Config\Cache), false)
 5 FCPATH\index.php(79): CodeIgniter\CodeIgniter->run()
CRITICAL - 2023-10-25 07:36:40 --> syntax error, unexpected integer "30"
in APPPATH\Controllers\Home.php on line 50.
 1 SYSTEMPATH\Autoloader\Autoloader.php(285): CodeIgniter\Autoloader\Autoloader->includeFile('C:\\xampp\\htdocs\\lat1\\app\\Controllers\\Home.php')
 2 SYSTEMPATH\Autoloader\Autoloader.php(263): CodeIgniter\Autoloader\Autoloader->loadInNamespace('App\\Controllers\\Home')
 3 [internal function]: CodeIgniter\Autoloader\Autoloader->loadClass('App\\Controllers\\Home')
 4 SYSTEMPATH\CodeIgniter.php(877): class_exists('\\App\\Controllers\\Home', true)
 5 SYSTEMPATH\CodeIgniter.php(481): CodeIgniter\CodeIgniter->startController()
 6 SYSTEMPATH\CodeIgniter.php(353): CodeIgniter\CodeIgniter->handleRequest(null, Object(Config\Cache), false)
 7 FCPATH\index.php(79): CodeIgniter\CodeIgniter->run()
CRITICAL - 2023-10-25 07:36:44 --> syntax error, unexpected integer "30"
in APPPATH\Controllers\Home.php on line 50.
 1 SYSTEMPATH\Autoloader\Autoloader.php(285): CodeIgniter\Autoloader\Autoloader->includeFile('C:\\xampp\\htdocs\\lat1\\app\\Controllers\\Home.php')
 2 SYSTEMPATH\Autoloader\Autoloader.php(263): CodeIgniter\Autoloader\Autoloader->loadInNamespace('App\\Controllers\\Home')
 3 [internal function]: CodeIgniter\Autoloader\Autoloader->loadClass('App\\Controllers\\Home')
 4 SYSTEMPATH\CodeIgniter.php(877): class_exists('\\App\\Controllers\\Home', true)
 5 SYSTEMPATH\CodeIgniter.php(481): CodeIgniter\CodeIgniter->startController()
 6 SYSTEMPATH\CodeIgniter.php(353): CodeIgniter\CodeIgniter->handleRequest(null, Object(Config\Cache), false)
 7 FCPATH\index.php(79): CodeIgniter\CodeIgniter->run()
CRITICAL - 2023-10-25 07:36:54 --> syntax error, unexpected integer "30"
in APPPATH\Controllers\Home.php on line 50.
 1 SYSTEMPATH\Router\Router.php(512): CodeIgniter\Router\AutoRouter->getRoute('Home', 'get')
 2 SYSTEMPATH\Router\Router.php(208): CodeIgniter\Router\Router->autoRoute('Home')
 3 SYSTEMPATH\CodeIgniter.php(800): CodeIgniter\Router\Router->handle('Home')
 4 SYSTEMPATH\CodeIgniter.php(442): CodeIgniter\CodeIgniter->tryToRouteIt(Object(CodeIgniter\Router\RouteCollection))
 5 SYSTEMPATH\CodeIgniter.php(353): CodeIgniter\CodeIgniter->handleRequest(null, Object(Config\Cache), false)
 6 FCPATH\index.php(79): CodeIgniter\CodeIgniter->run()
CRITICAL - 2023-10-25 07:36:55 --> syntax error, unexpected integer "30"
in APPPATH\Controllers\Home.php on line 50.
 1 SYSTEMPATH\Router\Router.php(512): CodeIgniter\Router\AutoRouter->getRoute('Home/proses', 'get')
 2 SYSTEMPATH\Router\Router.php(208): CodeIgniter\Router\Router->autoRoute('Home/proses')
 3 SYSTEMPATH\CodeIgniter.php(800): CodeIgniter\Router\Router->handle('Home/proses')
 4 SYSTEMPATH\CodeIgniter.php(442): CodeIgniter\CodeIgniter->tryToRouteIt(Object(CodeIgniter\Router\RouteCollection))
 5 SYSTEMPATH\CodeIgniter.php(353): CodeIgniter\CodeIgniter->handleRequest(null, Object(Config\Cache), false)
 6 FCPATH\index.php(79): CodeIgniter\CodeIgniter->run()
CRITICAL - 2023-10-25 07:36:59 --> syntax error, unexpected integer "30"
in APPPATH\Controllers\Home.php on line 50.
 1 SYSTEMPATH\Router\Router.php(512): CodeIgniter\Router\AutoRouter->getRoute('Home/proses', 'get')
 2 SYSTEMPATH\Router\Router.php(208): CodeIgniter\Router\Router->autoRoute('Home/proses')
 3 SYSTEMPATH\CodeIgniter.php(800): CodeIgniter\Router\Router->handle('Home/proses')
 4 SYSTEMPATH\CodeIgniter.php(442): CodeIgniter\CodeIgniter->tryToRouteIt(Object(CodeIgniter\Router\RouteCollection))
 5 SYSTEMPATH\CodeIgniter.php(353): CodeIgniter\CodeIgniter->handleRequest(null, Object(Config\Cache), false)
 6 FCPATH\index.php(79): CodeIgniter\CodeIgniter->run()
CRITICAL - 2023-10-25 07:37:05 --> syntax error, unexpected integer "30"
in APPPATH\Controllers\Home.php on line 50.
 1 SYSTEMPATH\Router\Router.php(512): CodeIgniter\Router\AutoRouter->getRoute('Home/mhs', 'get')
 2 SYSTEMPATH\Router\Router.php(208): CodeIgniter\Router\Router->autoRoute('Home/mhs')
 3 SYSTEMPATH\CodeIgniter.php(800): CodeIgniter\Router\Router->handle('Home/mhs')
 4 SYSTEMPATH\CodeIgniter.php(442): CodeIgniter\CodeIgniter->tryToRouteIt(Object(CodeIgniter\Router\RouteCollection))
 5 SYSTEMPATH\CodeIgniter.php(353): CodeIgniter\CodeIgniter->handleRequest(null, Object(Config\Cache), false)
 6 FCPATH\index.php(79): CodeIgniter\CodeIgniter->run()
CRITICAL - 2023-10-25 07:49:29 --> Unsupported operand types: string * int
in APPPATH\Controllers\Home.php on line 50.
 1 SYSTEMPATH\CodeIgniter.php(919): App\Controllers\Home->proses()
 2 SYSTEMPATH\CodeIgniter.php(494): CodeIgniter\CodeIgniter->runController(Object(App\Controllers\Home))
 3 SYSTEMPATH\CodeIgniter.php(353): CodeIgniter\CodeIgniter->handleRequest(null, Object(Config\Cache), false)
 4 FCPATH\index.php(79): CodeIgniter\CodeIgniter->run()
CRITICAL - 2023-10-25 08:01:45 --> syntax error, unexpected token "<"
in APPPATH\Controllers\Home.php on line 51.
 1 SYSTEMPATH\Router\Router.php(512): CodeIgniter\Router\AutoRouter->getRoute('Home/proses', 'post')
 2 SYSTEMPATH\Router\Router.php(208): CodeIgniter\Router\Router->autoRoute('Home/proses')
 3 SYSTEMPATH\CodeIgniter.php(800): CodeIgniter\Router\Router->handle('Home/proses')
 4 SYSTEMPATH\CodeIgniter.php(442): CodeIgniter\CodeIgniter->tryToRouteIt(Object(CodeIgniter\Router\RouteCollection))
 5 SYSTEMPATH\CodeIgniter.php(353): CodeIgniter\CodeIgniter->handleRequest(null, Object(Config\Cache), false)
 6 FCPATH\index.php(79): CodeIgniter\CodeIgniter->run()
CRITICAL - 2023-10-25 08:02:01 --> syntax error, unexpected token "<"
in APPPATH\Controllers\Home.php on line 51.
 1 SYSTEMPATH\Router\Router.php(512): CodeIgniter\Router\AutoRouter->getRoute('Home/proses', 'post')
 2 SYSTEMPATH\Router\Router.php(208): CodeIgniter\Router\Router->autoRoute('Home/proses')
 3 SYSTEMPATH\CodeIgniter.php(800): CodeIgniter\Router\Router->handle('Home/proses')
 4 SYSTEMPATH\CodeIgniter.php(442): CodeIgniter\CodeIgniter->tryToRouteIt(Object(CodeIgniter\Router\RouteCollection))
 5 SYSTEMPATH\CodeIgniter.php(353): CodeIgniter\CodeIgniter->handleRequest(null, Object(Config\Cache), false)
 6 FCPATH\index.php(79): CodeIgniter\CodeIgniter->run()
CRITICAL - 2023-10-25 08:02:50 --> syntax error, unexpected token "<"
in APPPATH\Controllers\Home.php on line 53.
 1 SYSTEMPATH\Router\Router.php(512): CodeIgniter\Router\AutoRouter->getRoute('Home/proses', 'post')
 2 SYSTEMPATH\Router\Router.php(208): CodeIgniter\Router\Router->autoRoute('Home/proses')
 3 SYSTEMPATH\CodeIgniter.php(800): CodeIgniter\Router\Router->handle('Home/proses')
 4 SYSTEMPATH\CodeIgniter.php(442): CodeIgniter\CodeIgniter->tryToRouteIt(Object(CodeIgniter\Router\RouteCollection))
 5 SYSTEMPATH\CodeIgniter.php(353): CodeIgniter\CodeIgniter->handleRequest(null, Object(Config\Cache), false)
 6 FCPATH\index.php(79): CodeIgniter\CodeIgniter->run()
CRITICAL - 2023-10-25 08:04:13 --> syntax error, unexpected token "<"
in APPPATH\Controllers\Home.php on line 53.
 1 SYSTEMPATH\Router\Router.php(512): CodeIgniter\Router\AutoRouter->getRoute('Home/proses', 'post')
 2 SYSTEMPATH\Router\Router.php(208): CodeIgniter\Router\Router->autoRoute('Home/proses')
 3 SYSTEMPATH\CodeIgniter.php(800): CodeIgniter\Router\Router->handle('Home/proses')
 4 SYSTEMPATH\CodeIgniter.php(442): CodeIgniter\CodeIgniter->tryToRouteIt(Object(CodeIgniter\Router\RouteCollection))
 5 SYSTEMPATH\CodeIgniter.php(353): CodeIgniter\CodeIgniter->handleRequest(null, Object(Config\Cache), false)
 6 FCPATH\index.php(79): CodeIgniter\CodeIgniter->run()
CRITICAL - 2023-10-25 08:05:53 --> syntax error, unexpected token "<"
in APPPATH\Controllers\Home.php on line 53.
 1 SYSTEMPATH\Router\Router.php(512): CodeIgniter\Router\AutoRouter->getRoute('Home/proses', 'post')
 2 SYSTEMPATH\Router\Router.php(208): CodeIgniter\Router\Router->autoRoute('Home/proses')
 3 SYSTEMPATH\CodeIgniter.php(800): CodeIgniter\Router\Router->handle('Home/proses')
 4 SYSTEMPATH\CodeIgniter.php(442): CodeIgniter\CodeIgniter->tryToRouteIt(Object(CodeIgniter\Router\RouteCollection))
 5 SYSTEMPATH\CodeIgniter.php(353): CodeIgniter\CodeIgniter->handleRequest(null, Object(Config\Cache), false)
 6 FCPATH\index.php(79): CodeIgniter\CodeIgniter->run()
CRITICAL - 2023-10-25 08:06:04 --> syntax error, unexpected token "<"
in APPPATH\Controllers\Home.php on line 53.
 1 SYSTEMPATH\Router\Router.php(512): CodeIgniter\Router\AutoRouter->getRoute('Home/proses', 'post')
 2 SYSTEMPATH\Router\Router.php(208): CodeIgniter\Router\Router->autoRoute('Home/proses')
 3 SYSTEMPATH\CodeIgniter.php(800): CodeIgniter\Router\Router->handle('Home/proses')
 4 SYSTEMPATH\CodeIgniter.php(442): CodeIgniter\CodeIgniter->tryToRouteIt(Object(CodeIgniter\Router\RouteCollection))
 5 SYSTEMPATH\CodeIgniter.php(353): CodeIgniter\CodeIgniter->handleRequest(null, Object(Config\Cache), false)
 6 FCPATH\index.php(79): CodeIgniter\CodeIgniter->run()
CRITICAL - 2023-10-25 08:06:26 --> syntax error, unexpected token "<"
in APPPATH\Controllers\Home.php on line 53.
 1 SYSTEMPATH\Router\Router.php(512): CodeIgniter\Router\AutoRouter->getRoute('Home/proses', 'post')
 2 SYSTEMPATH\Router\Router.php(208): CodeIgniter\Router\Router->autoRoute('Home/proses')
 3 SYSTEMPATH\CodeIgniter.php(800): CodeIgniter\Router\Router->handle('Home/proses')
 4 SYSTEMPATH\CodeIgniter.php(442): CodeIgniter\CodeIgniter->tryToRouteIt(Object(CodeIgniter\Router\RouteCollection))
 5 SYSTEMPATH\CodeIgniter.php(353): CodeIgniter\CodeIgniter->handleRequest(null, Object(Config\Cache), false)
 6 FCPATH\index.php(79): CodeIgniter\CodeIgniter->run()
CRITICAL - 2023-10-25 08:06:32 --> syntax error, unexpected token "<"
in APPPATH\Controllers\Home.php on line 53.
 1 SYSTEMPATH\Router\Router.php(512): CodeIgniter\Router\AutoRouter->getRoute('Home/proses', 'post')
 2 SYSTEMPATH\Router\Router.php(208): CodeIgniter\Router\Router->autoRoute('Home/proses')
 3 SYSTEMPATH\CodeIgniter.php(800): CodeIgniter\Router\Router->handle('Home/proses')
 4 SYSTEMPATH\CodeIgniter.php(442): CodeIgniter\CodeIgniter->tryToRouteIt(Object(CodeIgniter\Router\RouteCollection))
 5 SYSTEMPATH\CodeIgniter.php(353): CodeIgniter\CodeIgniter->handleRequest(null, Object(Config\Cache), false)
 6 FCPATH\index.php(79): CodeIgniter\CodeIgniter->run()
CRITICAL - 2023-10-25 08:07:40 --> syntax error, unexpected token "<"
in APPPATH\Controllers\Home.php on line 40.
 1 SYSTEMPATH\Router\Router.php(512): CodeIgniter\Router\AutoRouter->getRoute('Home/proses', 'post')
 2 SYSTEMPATH\Router\Router.php(208): CodeIgniter\Router\Router->autoRoute('Home/proses')
 3 SYSTEMPATH\CodeIgniter.php(800): CodeIgniter\Router\Router->handle('Home/proses')
 4 SYSTEMPATH\CodeIgniter.php(442): CodeIgniter\CodeIgniter->tryToRouteIt(Object(CodeIgniter\Router\RouteCollection))
 5 SYSTEMPATH\CodeIgniter.php(353): CodeIgniter\CodeIgniter->handleRequest(null, Object(Config\Cache), false)
 6 FCPATH\index.php(79): CodeIgniter\CodeIgniter->run()
CRITICAL - 2023-10-25 08:08:01 --> syntax error, unexpected token "<"
in APPPATH\Controllers\Home.php on line 40.
 1 SYSTEMPATH\Router\Router.php(512): CodeIgniter\Router\AutoRouter->getRoute('Home/proses', 'post')
 2 SYSTEMPATH\Router\Router.php(208): CodeIgniter\Router\Router->autoRoute('Home/proses')
 3 SYSTEMPATH\CodeIgniter.php(800): CodeIgniter\Router\Router->handle('Home/proses')
 4 SYSTEMPATH\CodeIgniter.php(442): CodeIgniter\CodeIgniter->tryToRouteIt(Object(CodeIgniter\Router\RouteCollection))
 5 SYSTEMPATH\CodeIgniter.php(353): CodeIgniter\CodeIgniter->handleRequest(null, Object(Config\Cache), false)
 6 FCPATH\index.php(79): CodeIgniter\CodeIgniter->run()
CRITICAL - 2023-10-25 08:09:56 --> Undefined variable $hasil
in APPPATH\Controllers\Home.php on line 50.
 1 APPPATH\Controllers\Home.php(50): CodeIgniter\Debug\Exceptions->errorHandler(2, 'Undefined variable $hasil', 'C:\\xampp\\htdocs\\lat1\\app\\Controllers\\Home.php', 50)
 2 SYSTEMPATH\CodeIgniter.php(919): App\Controllers\Home->proses()
 3 SYSTEMPATH\CodeIgniter.php(494): CodeIgniter\CodeIgniter->runController(Object(App\Controllers\Home))
 4 SYSTEMPATH\CodeIgniter.php(353): CodeIgniter\CodeIgniter->handleRequest(null, Object(Config\Cache), false)
 5 FCPATH\index.php(79): CodeIgniter\CodeIgniter->run()
CRITICAL - 2023-10-25 08:10:02 --> Undefined variable $hasil
in APPPATH\Controllers\Home.php on line 50.
 1 APPPATH\Controllers\Home.php(50): CodeIgniter\Debug\Exceptions->errorHandler(2, 'Undefined variable $hasil', 'C:\\xampp\\htdocs\\lat1\\app\\Controllers\\Home.php', 50)
 2 SYSTEMPATH\CodeIgniter.php(919): App\Controllers\Home->proses()
 3 SYSTEMPATH\CodeIgniter.php(494): CodeIgniter\CodeIgniter->runController(Object(App\Controllers\Home))
 4 SYSTEMPATH\CodeIgniter.php(353): CodeIgniter\CodeIgniter->handleRequest(null, Object(Config\Cache), false)
 5 FCPATH\index.php(79): CodeIgniter\CodeIgniter->run()
