CRITICAL - 2023-11-16 03:10:40 --> Class "App\Controllers\ModelUser" not found
in APPPATH\Controllers\User.php on line 11.
 1 SYSTEMPATH\CodeIgniter.php(919): App\Controllers\User->index()
 2 SYSTEMPATH\CodeIgniter.php(494): CodeIgniter\CodeIgniter->runController(Object(App\Controllers\User))
 3 SYSTEMPATH\CodeIgniter.php(353): CodeIgniter\CodeIgniter->handleRequest(null, Object(Config\Cache), false)
 4 FCPATH\index.php(79): CodeIgniter\CodeIgniter->run()
 5 SYSTEMPATH\Commands\Server\rewrite.php(47): require_once('C:\\Users\\Windows 10\\Documents\\SEMESTER-5\\lat1\\public\\index.php')
CRITICAL - 2023-11-16 03:11:22 --> Class "App\Controllers\ModelUser" not found
in APPPATH\Controllers\User.php on line 11.
 1 SYSTEMPATH\CodeIgniter.php(919): App\Controllers\User->index()
 2 SYSTEMPATH\CodeIgniter.php(494): CodeIgniter\CodeIgniter->runController(Object(App\Controllers\User))
 3 SYSTEMPATH\CodeIgniter.php(353): CodeIgniter\CodeIgniter->handleRequest(null, Object(Config\Cache), false)
 4 FCPATH\index.php(79): CodeIgniter\CodeIgniter->run()
 5 SYSTEMPATH\Commands\Server\rewrite.php(47): require_once('C:\\Users\\Windows 10\\Documents\\SEMESTER-5\\lat1\\public\\index.php')
CRITICAL - 2023-11-16 03:12:38 --> Class "App\Controllers\ModelUser" not found
in APPPATH\Controllers\User.php on line 11.
 1 SYSTEMPATH\CodeIgniter.php(919): App\Controllers\User->index()
 2 SYSTEMPATH\CodeIgniter.php(494): CodeIgniter\CodeIgniter->runController(Object(App\Controllers\User))
 3 SYSTEMPATH\CodeIgniter.php(353): CodeIgniter\CodeIgniter->handleRequest(null, Object(Config\Cache), false)
 4 FCPATH\index.php(79): CodeIgniter\CodeIgniter->run()
 5 SYSTEMPATH\Commands\Server\rewrite.php(47): require_once('C:\\Users\\Windows 10\\Documents\\SEMESTER-5\\lat1\\public\\index.php')
CRITICAL - 2023-11-16 03:12:40 --> Class "App\Controllers\ModelUser" not found
in APPPATH\Controllers\User.php on line 11.
 1 SYSTEMPATH\CodeIgniter.php(919): App\Controllers\User->index()
 2 SYSTEMPATH\CodeIgniter.php(494): CodeIgniter\CodeIgniter->runController(Object(App\Controllers\User))
 3 SYSTEMPATH\CodeIgniter.php(353): CodeIgniter\CodeIgniter->handleRequest(null, Object(Config\Cache), false)
 4 FCPATH\index.php(79): CodeIgniter\CodeIgniter->run()
 5 SYSTEMPATH\Commands\Server\rewrite.php(47): require_once('C:\\Users\\Windows 10\\Documents\\SEMESTER-5\\lat1\\public\\index.php')
CRITICAL - 2023-11-16 03:13:07 --> Class "App\Controllers\ModelUser" not found
in APPPATH\Controllers\User.php on line 11.
 1 SYSTEMPATH\CodeIgniter.php(919): App\Controllers\User->index()
 2 SYSTEMPATH\CodeIgniter.php(494): CodeIgniter\CodeIgniter->runController(Object(App\Controllers\User))
 3 SYSTEMPATH\CodeIgniter.php(353): CodeIgniter\CodeIgniter->handleRequest(null, Object(Config\Cache), false)
 4 FCPATH\index.php(79): CodeIgniter\CodeIgniter->run()
 5 SYSTEMPATH\Commands\Server\rewrite.php(47): require_once('C:\\Users\\Windows 10\\Documents\\SEMESTER-5\\lat1\\public\\index.php')
CRITICAL - 2023-11-16 03:13:09 --> Class "App\Controllers\ModelUser" not found
in APPPATH\Controllers\User.php on line 11.
 1 SYSTEMPATH\CodeIgniter.php(919): App\Controllers\User->index()
 2 SYSTEMPATH\CodeIgniter.php(494): CodeIgniter\CodeIgniter->runController(Object(App\Controllers\User))
 3 SYSTEMPATH\CodeIgniter.php(353): CodeIgniter\CodeIgniter->handleRequest(null, Object(Config\Cache), false)
 4 FCPATH\index.php(79): CodeIgniter\CodeIgniter->run()
 5 SYSTEMPATH\Commands\Server\rewrite.php(47): require_once('C:\\Users\\Windows 10\\Documents\\SEMESTER-5\\lat1\\public\\index.php')
CRITICAL - 2023-11-16 03:13:45 --> Class "App\Models\Modeluser" not found
in APPPATH\Controllers\User.php on line 11.
 1 SYSTEMPATH\CodeIgniter.php(919): App\Controllers\User->index()
 2 SYSTEMPATH\CodeIgniter.php(494): CodeIgniter\CodeIgniter->runController(Object(App\Controllers\User))
 3 SYSTEMPATH\CodeIgniter.php(353): CodeIgniter\CodeIgniter->handleRequest(null, Object(Config\Cache), false)
 4 FCPATH\index.php(79): CodeIgniter\CodeIgniter->run()
 5 SYSTEMPATH\Commands\Server\rewrite.php(47): require_once('C:\\Users\\Windows 10\\Documents\\SEMESTER-5\\lat1\\public\\index.php')
CRITICAL - 2023-11-16 03:13:57 --> Class "App\Controllers\ModelUser" not found
in APPPATH\Controllers\User.php on line 11.
 1 SYSTEMPATH\CodeIgniter.php(919): App\Controllers\User->index()
 2 SYSTEMPATH\CodeIgniter.php(494): CodeIgniter\CodeIgniter->runController(Object(App\Controllers\User))
 3 SYSTEMPATH\CodeIgniter.php(353): CodeIgniter\CodeIgniter->handleRequest(null, Object(Config\Cache), false)
 4 FCPATH\index.php(79): CodeIgniter\CodeIgniter->run()
 5 SYSTEMPATH\Commands\Server\rewrite.php(47): require_once('C:\\Users\\Windows 10\\Documents\\SEMESTER-5\\lat1\\public\\index.php')
CRITICAL - 2023-11-16 03:15:20 --> Class "App\Models\ModelUser" not found
in APPPATH\Controllers\User.php on line 11.
 1 SYSTEMPATH\CodeIgniter.php(919): App\Controllers\User->index()
 2 SYSTEMPATH\CodeIgniter.php(494): CodeIgniter\CodeIgniter->runController(Object(App\Controllers\User))
 3 SYSTEMPATH\CodeIgniter.php(353): CodeIgniter\CodeIgniter->handleRequest(null, Object(Config\Cache), false)
 4 FCPATH\index.php(79): CodeIgniter\CodeIgniter->run()
 5 SYSTEMPATH\Commands\Server\rewrite.php(47): require_once('C:\\Users\\Windows 10\\Documents\\SEMESTER-5\\lat1\\public\\index.php')
CRITICAL - 2023-11-16 03:16:49 --> Class "App\Models\ModelUser" not found
in APPPATH\Controllers\User.php on line 11.
 1 SYSTEMPATH\CodeIgniter.php(919): App\Controllers\User->index()
 2 SYSTEMPATH\CodeIgniter.php(494): CodeIgniter\CodeIgniter->runController(Object(App\Controllers\User))
 3 SYSTEMPATH\CodeIgniter.php(353): CodeIgniter\CodeIgniter->handleRequest(null, Object(Config\Cache), false)
 4 FCPATH\index.php(79): CodeIgniter\CodeIgniter->run()
 5 SYSTEMPATH\Commands\Server\rewrite.php(47): require_once('C:\\Users\\Windows 10\\Documents\\SEMESTER-5\\lat1\\public\\index.php')
CRITICAL - 2023-11-16 03:16:51 --> Class "App\Models\ModelUser" not found
in APPPATH\Controllers\User.php on line 11.
 1 SYSTEMPATH\CodeIgniter.php(919): App\Controllers\User->index()
 2 SYSTEMPATH\CodeIgniter.php(494): CodeIgniter\CodeIgniter->runController(Object(App\Controllers\User))
 3 SYSTEMPATH\CodeIgniter.php(353): CodeIgniter\CodeIgniter->handleRequest(null, Object(Config\Cache), false)
 4 FCPATH\index.php(79): CodeIgniter\CodeIgniter->run()
 5 SYSTEMPATH\Commands\Server\rewrite.php(47): require_once('C:\\Users\\Windows 10\\Documents\\SEMESTER-5\\lat1\\public\\index.php')
CRITICAL - 2023-11-16 03:16:52 --> Class "App\Models\ModelUser" not found
in APPPATH\Controllers\User.php on line 11.
 1 SYSTEMPATH\CodeIgniter.php(919): App\Controllers\User->index()
 2 SYSTEMPATH\CodeIgniter.php(494): CodeIgniter\CodeIgniter->runController(Object(App\Controllers\User))
 3 SYSTEMPATH\CodeIgniter.php(353): CodeIgniter\CodeIgniter->handleRequest(null, Object(Config\Cache), false)
 4 FCPATH\index.php(79): CodeIgniter\CodeIgniter->run()
 5 SYSTEMPATH\Commands\Server\rewrite.php(47): require_once('C:\\Users\\Windows 10\\Documents\\SEMESTER-5\\lat1\\public\\index.php')
CRITICAL - 2023-11-16 03:18:32 --> You must set the database table to be used with your query.
in SYSTEMPATH\Database\BaseConnection.php on line 883.
 1 SYSTEMPATH\Model.php(635): CodeIgniter\Database\BaseConnection->table(null)
 2 SYSTEMPATH\Model.php(863): CodeIgniter\Model->builder()
 3 APPPATH\Controllers\User.php(12): CodeIgniter\Model->__call('getUser', [])
 4 SYSTEMPATH\CodeIgniter.php(919): App\Controllers\User->index()
 5 SYSTEMPATH\CodeIgniter.php(494): CodeIgniter\CodeIgniter->runController(Object(App\Controllers\User))
 6 SYSTEMPATH\CodeIgniter.php(353): CodeIgniter\CodeIgniter->handleRequest(null, Object(Config\Cache), false)
 7 FCPATH\index.php(79): CodeIgniter\CodeIgniter->run()
 8 SYSTEMPATH\Commands\Server\rewrite.php(47): require_once('C:\\Users\\Windows 10\\Documents\\SEMESTER-5\\lat1\\public\\index.php')
CRITICAL - 2023-11-16 03:21:27 --> Invalid file: "layoutuser/main.php"
in SYSTEMPATH\Exceptions\FrameworkException.php on line 39.
 1 SYSTEMPATH\View\View.php(214): CodeIgniter\Exceptions\FrameworkException::forInvalidFile('layoutuser/main.php')
 2 SYSTEMPATH\View\View.php(242): CodeIgniter\View\View->render('layoutuser/main', [], true)
 3 SYSTEMPATH\View\View.php(242): CodeIgniter\View\View->render('layoutuser/menu', [], true)
 4 SYSTEMPATH\Common.php(1188): CodeIgniter\View\View->render('user/v_user', [], true)
 5 APPPATH\Controllers\User.php(13): view('user/v_user', [...])
 6 SYSTEMPATH\CodeIgniter.php(919): App\Controllers\User->index()
 7 SYSTEMPATH\CodeIgniter.php(494): CodeIgniter\CodeIgniter->runController(Object(App\Controllers\User))
 8 SYSTEMPATH\CodeIgniter.php(353): CodeIgniter\CodeIgniter->handleRequest(null, Object(Config\Cache), false)
 9 FCPATH\index.php(79): CodeIgniter\CodeIgniter->run()
10 SYSTEMPATH\Commands\Server\rewrite.php(47): require_once('C:\\Users\\Windows 10\\Documents\\SEMESTER-5\\lat1\\public\\index.php')
