INFO - 2024-01-23 11:20:54 --> Session: Class initialized using 'CodeIgniter\Session\Handlers\FileHandler' driver.
INFO - 2024-01-23 11:20:55 --> Session: Class initialized using 'CodeIgniter\Session\Handlers\FileHandler' driver.
INFO - 2024-01-23 11:21:07 --> Session: Class initialized using 'CodeIgniter\Session\Handlers\FileHandler' driver.
INFO - 2024-01-23 11:21:14 --> Session: Class initialized using 'CodeIgniter\Session\Handlers\FileHandler' driver.
INFO - 2024-01-23 11:21:18 --> Session: Class initialized using 'CodeIgniter\Session\Handlers\FileHandler' driver.
INFO - 2024-01-23 11:22:07 --> Session: Class initialized using 'CodeIgniter\Session\Handlers\FileHandler' driver.
INFO - 2024-01-23 19:58:24 --> Session: Class initialized using 'CodeIgniter\Session\Handlers\FileHandler' driver.
INFO - 2024-01-23 19:58:34 --> Session: Class initialized using 'CodeIgniter\Session\Handlers\FileHandler' driver.
INFO - 2024-01-23 19:58:37 --> Session: Class initialized using 'CodeIgniter\Session\Handlers\FileHandler' driver.
INFO - 2024-01-23 19:58:41 --> Session: Class initialized using 'CodeIgniter\Session\Handlers\FileHandler' driver.
INFO - 2024-01-23 19:59:06 --> Session: Class initialized using 'CodeIgniter\Session\Handlers\FileHandler' driver.
INFO - 2024-01-23 19:59:09 --> Session: Class initialized using 'CodeIgniter\Session\Handlers\FileHandler' driver.
INFO - 2024-01-23 19:59:38 --> Session: Class initialized using 'CodeIgniter\Session\Handlers\FileHandler' driver.
INFO - 2024-01-23 19:59:47 --> Session: Class initialized using 'CodeIgniter\Session\Handlers\FileHandler' driver.
CRITICAL - 2024-01-23 20:00:05 --> Class "App\Controllers\ModelPengurus" not found
in APPPATH\Controllers\Pelanggan.php on line 17.
 1 SYSTEMPATH\CodeIgniter.php(919): App\Controllers\Pelanggan->save()
 2 SYSTEMPATH\CodeIgniter.php(494): CodeIgniter\CodeIgniter->runController(Object(App\Controllers\Pelanggan))
 3 SYSTEMPATH\CodeIgniter.php(353): CodeIgniter\CodeIgniter->handleRequest(null, Object(Config\Cache), false)
 4 FCPATH\index.php(79): CodeIgniter\CodeIgniter->run()
 5 SYSTEMPATH\Commands\Server\rewrite.php(47): require_once('C:\\Users\\Windows 10\\Documents\\SEMESTER-5\\quiz\\public\\index.php')
ERROR - 2024-01-23 20:02:29 --> mysqli_sql_exception: Unknown column 'no_hp' in 'field list' in C:\Users\Windows 10\Documents\SEMESTER-5\quiz\system\Database\MySQLi\Connection.php:306
Stack trace:
#0 C:\Users\Windows 10\Documents\SEMESTER-5\quiz\system\Database\MySQLi\Connection.php(306): mysqli->query('INSERT INTO `tb...', 0)
#1 C:\Users\Windows 10\Documents\SEMESTER-5\quiz\system\Database\BaseConnection.php(692): CodeIgniter\Database\MySQLi\Connection->execute('INSERT INTO `tb...')
#2 C:\Users\Windows 10\Documents\SEMESTER-5\quiz\system\Database\BaseConnection.php(606): CodeIgniter\Database\BaseConnection->simpleQuery('INSERT INTO `tb...')
#3 C:\Users\Windows 10\Documents\SEMESTER-5\quiz\system\Database\BaseBuilder.php(2308): CodeIgniter\Database\BaseConnection->query('INSERT INTO `tb...', Array, false)
#4 C:\Users\Windows 10\Documents\SEMESTER-5\quiz\app\Models\ModelPelanggan.php(17): CodeIgniter\Database\BaseBuilder->insert(Array)
#5 C:\Users\Windows 10\Documents\SEMESTER-5\quiz\app\Controllers\Pelanggan.php(39): App\Models\ModelPelanggan->insertData(Array)
#6 C:\Users\Windows 10\Documents\SEMESTER-5\quiz\system\CodeIgniter.php(919): App\Controllers\Pelanggan->save()
#7 C:\Users\Windows 10\Documents\SEMESTER-5\quiz\system\CodeIgniter.php(494): CodeIgniter\CodeIgniter->runController(Object(App\Controllers\Pelanggan))
#8 C:\Users\Windows 10\Documents\SEMESTER-5\quiz\system\CodeIgniter.php(353): CodeIgniter\CodeIgniter->handleRequest(NULL, Object(Config\Cache), false)
#9 C:\Users\Windows 10\Documents\SEMESTER-5\quiz\public\index.php(79): CodeIgniter\CodeIgniter->run()
#10 C:\Users\Windows 10\Documents\SEMESTER-5\quiz\system\Commands\Server\rewrite.php(47): require_once('C:\\Users\\Window...')
#11 {main}
CRITICAL - 2024-01-23 20:02:29 --> Unknown column 'no_hp' in 'field list'
in SYSTEMPATH\Database\BaseConnection.php on line 646.
 1 SYSTEMPATH\Database\BaseBuilder.php(2308): CodeIgniter\Database\BaseConnection->query('INSERT INTO `tbl_pelanggan` (`id`, `nama`, `no_hp`, `alamat`) VALUES (:id:, :nama:, :no_hp:, :alamat:)', [...], false)
 2 APPPATH\Models\ModelPelanggan.php(17): CodeIgniter\Database\BaseBuilder->insert([...])
 3 APPPATH\Controllers\Pelanggan.php(39): App\Models\ModelPelanggan->insertData([...])
 4 SYSTEMPATH\CodeIgniter.php(919): App\Controllers\Pelanggan->save()
 5 SYSTEMPATH\CodeIgniter.php(494): CodeIgniter\CodeIgniter->runController(Object(App\Controllers\Pelanggan))
 6 SYSTEMPATH\CodeIgniter.php(353): CodeIgniter\CodeIgniter->handleRequest(null, Object(Config\Cache), false)
 7 FCPATH\index.php(79): CodeIgniter\CodeIgniter->run()
 8 SYSTEMPATH\Commands\Server\rewrite.php(47): require_once('C:\\Users\\Windows 10\\Documents\\SEMESTER-5\\quiz\\public\\index.php')
INFO - 2024-01-23 20:02:37 --> Session: Class initialized using 'CodeIgniter\Session\Handlers\FileHandler' driver.
ERROR - 2024-01-23 20:02:54 --> mysqli_sql_exception: Unknown column 'no_hp' in 'field list' in C:\Users\Windows 10\Documents\SEMESTER-5\quiz\system\Database\MySQLi\Connection.php:306
Stack trace:
#0 C:\Users\Windows 10\Documents\SEMESTER-5\quiz\system\Database\MySQLi\Connection.php(306): mysqli->query('INSERT INTO `tb...', 0)
#1 C:\Users\Windows 10\Documents\SEMESTER-5\quiz\system\Database\BaseConnection.php(692): CodeIgniter\Database\MySQLi\Connection->execute('INSERT INTO `tb...')
#2 C:\Users\Windows 10\Documents\SEMESTER-5\quiz\system\Database\BaseConnection.php(606): CodeIgniter\Database\BaseConnection->simpleQuery('INSERT INTO `tb...')
#3 C:\Users\Windows 10\Documents\SEMESTER-5\quiz\system\Database\BaseBuilder.php(2308): CodeIgniter\Database\BaseConnection->query('INSERT INTO `tb...', Array, false)
#4 C:\Users\Windows 10\Documents\SEMESTER-5\quiz\app\Models\ModelPelanggan.php(17): CodeIgniter\Database\BaseBuilder->insert(Array)
#5 C:\Users\Windows 10\Documents\SEMESTER-5\quiz\app\Controllers\Pelanggan.php(39): App\Models\ModelPelanggan->insertData(Array)
#6 C:\Users\Windows 10\Documents\SEMESTER-5\quiz\system\CodeIgniter.php(919): App\Controllers\Pelanggan->save()
#7 C:\Users\Windows 10\Documents\SEMESTER-5\quiz\system\CodeIgniter.php(494): CodeIgniter\CodeIgniter->runController(Object(App\Controllers\Pelanggan))
#8 C:\Users\Windows 10\Documents\SEMESTER-5\quiz\system\CodeIgniter.php(353): CodeIgniter\CodeIgniter->handleRequest(NULL, Object(Config\Cache), false)
#9 C:\Users\Windows 10\Documents\SEMESTER-5\quiz\public\index.php(79): CodeIgniter\CodeIgniter->run()
#10 C:\Users\Windows 10\Documents\SEMESTER-5\quiz\system\Commands\Server\rewrite.php(47): require_once('C:\\Users\\Window...')
#11 {main}
CRITICAL - 2024-01-23 20:02:54 --> Unknown column 'no_hp' in 'field list'
in SYSTEMPATH\Database\BaseConnection.php on line 646.
 1 SYSTEMPATH\Database\BaseBuilder.php(2308): CodeIgniter\Database\BaseConnection->query('INSERT INTO `tbl_pelanggan` (`id`, `nama`, `no_hp`, `alamat`) VALUES (:id:, :nama:, :no_hp:, :alamat:)', [...], false)
 2 APPPATH\Models\ModelPelanggan.php(17): CodeIgniter\Database\BaseBuilder->insert([...])
 3 APPPATH\Controllers\Pelanggan.php(39): App\Models\ModelPelanggan->insertData([...])
 4 SYSTEMPATH\CodeIgniter.php(919): App\Controllers\Pelanggan->save()
 5 SYSTEMPATH\CodeIgniter.php(494): CodeIgniter\CodeIgniter->runController(Object(App\Controllers\Pelanggan))
 6 SYSTEMPATH\CodeIgniter.php(353): CodeIgniter\CodeIgniter->handleRequest(null, Object(Config\Cache), false)
 7 FCPATH\index.php(79): CodeIgniter\CodeIgniter->run()
 8 SYSTEMPATH\Commands\Server\rewrite.php(47): require_once('C:\\Users\\Windows 10\\Documents\\SEMESTER-5\\quiz\\public\\index.php')
INFO - 2024-01-23 20:03:34 --> Session: Class initialized using 'CodeIgniter\Session\Handlers\FileHandler' driver.
ERROR - 2024-01-23 20:03:43 --> mysqli_sql_exception: Unknown column 'tbl_pelanggan' in 'where clause' in C:\Users\Windows 10\Documents\SEMESTER-5\quiz\system\Database\MySQLi\Connection.php:306
Stack trace:
#0 C:\Users\Windows 10\Documents\SEMESTER-5\quiz\system\Database\MySQLi\Connection.php(306): mysqli->query('DELETE FROM `tb...', 0)
#1 C:\Users\Windows 10\Documents\SEMESTER-5\quiz\system\Database\BaseConnection.php(692): CodeIgniter\Database\MySQLi\Connection->execute('DELETE FROM `tb...')
#2 C:\Users\Windows 10\Documents\SEMESTER-5\quiz\system\Database\BaseConnection.php(606): CodeIgniter\Database\BaseConnection->simpleQuery('DELETE FROM `tb...')
#3 C:\Users\Windows 10\Documents\SEMESTER-5\quiz\system\Database\BaseBuilder.php(2790): CodeIgniter\Database\BaseConnection->query('DELETE FROM `tb...', Array, false)
#4 C:\Users\Windows 10\Documents\SEMESTER-5\quiz\app\Models\ModelPelanggan.php(21): CodeIgniter\Database\BaseBuilder->delete(Array)
#5 C:\Users\Windows 10\Documents\SEMESTER-5\quiz\app\Controllers\Pelanggan.php(46): App\Models\ModelPelanggan->deletepelanggan('001')
#6 C:\Users\Windows 10\Documents\SEMESTER-5\quiz\system\CodeIgniter.php(919): App\Controllers\Pelanggan->delete()
#7 C:\Users\Windows 10\Documents\SEMESTER-5\quiz\system\CodeIgniter.php(494): CodeIgniter\CodeIgniter->runController(Object(App\Controllers\Pelanggan))
#8 C:\Users\Windows 10\Documents\SEMESTER-5\quiz\system\CodeIgniter.php(353): CodeIgniter\CodeIgniter->handleRequest(NULL, Object(Config\Cache), false)
#9 C:\Users\Windows 10\Documents\SEMESTER-5\quiz\public\index.php(79): CodeIgniter\CodeIgniter->run()
#10 C:\Users\Windows 10\Documents\SEMESTER-5\quiz\system\Commands\Server\rewrite.php(47): require_once('C:\\Users\\Window...')
#11 {main}
CRITICAL - 2024-01-23 20:03:43 --> Unknown column 'tbl_pelanggan' in 'where clause'
in SYSTEMPATH\Database\BaseConnection.php on line 646.
 1 SYSTEMPATH\Database\BaseBuilder.php(2790): CodeIgniter\Database\BaseConnection->query('DELETE FROM `tbl_pelanggan`
WHERE `tbl_pelanggan` = :tbl_pelanggan:', [...], false)
 2 APPPATH\Models\ModelPelanggan.php(21): CodeIgniter\Database\BaseBuilder->delete([...])
 3 APPPATH\Controllers\Pelanggan.php(46): App\Models\ModelPelanggan->deletepelanggan('001')
 4 SYSTEMPATH\CodeIgniter.php(919): App\Controllers\Pelanggan->delete()
 5 SYSTEMPATH\CodeIgniter.php(494): CodeIgniter\CodeIgniter->runController(Object(App\Controllers\Pelanggan))
 6 SYSTEMPATH\CodeIgniter.php(353): CodeIgniter\CodeIgniter->handleRequest(null, Object(Config\Cache), false)
 7 FCPATH\index.php(79): CodeIgniter\CodeIgniter->run()
 8 SYSTEMPATH\Commands\Server\rewrite.php(47): require_once('C:\\Users\\Windows 10\\Documents\\SEMESTER-5\\quiz\\public\\index.php')
ERROR - 2024-01-23 20:05:03 --> mysqli_sql_exception: Unknown column 'tbl_pelanggan' in 'where clause' in C:\Users\Windows 10\Documents\SEMESTER-5\quiz\system\Database\MySQLi\Connection.php:306
Stack trace:
#0 C:\Users\Windows 10\Documents\SEMESTER-5\quiz\system\Database\MySQLi\Connection.php(306): mysqli->query('DELETE FROM `tb...', 0)
#1 C:\Users\Windows 10\Documents\SEMESTER-5\quiz\system\Database\BaseConnection.php(692): CodeIgniter\Database\MySQLi\Connection->execute('DELETE FROM `tb...')
#2 C:\Users\Windows 10\Documents\SEMESTER-5\quiz\system\Database\BaseConnection.php(606): CodeIgniter\Database\BaseConnection->simpleQuery('DELETE FROM `tb...')
#3 C:\Users\Windows 10\Documents\SEMESTER-5\quiz\system\Database\BaseBuilder.php(2790): CodeIgniter\Database\BaseConnection->query('DELETE FROM `tb...', Array, false)
#4 C:\Users\Windows 10\Documents\SEMESTER-5\quiz\app\Models\ModelPelanggan.php(21): CodeIgniter\Database\BaseBuilder->delete(Array)
#5 C:\Users\Windows 10\Documents\SEMESTER-5\quiz\app\Controllers\Pelanggan.php(46): App\Models\ModelPelanggan->deletepelanggan('001')
#6 C:\Users\Windows 10\Documents\SEMESTER-5\quiz\system\CodeIgniter.php(919): App\Controllers\Pelanggan->delete()
#7 C:\Users\Windows 10\Documents\SEMESTER-5\quiz\system\CodeIgniter.php(494): CodeIgniter\CodeIgniter->runController(Object(App\Controllers\Pelanggan))
#8 C:\Users\Windows 10\Documents\SEMESTER-5\quiz\system\CodeIgniter.php(353): CodeIgniter\CodeIgniter->handleRequest(NULL, Object(Config\Cache), false)
#9 C:\Users\Windows 10\Documents\SEMESTER-5\quiz\public\index.php(79): CodeIgniter\CodeIgniter->run()
#10 C:\Users\Windows 10\Documents\SEMESTER-5\quiz\system\Commands\Server\rewrite.php(47): require_once('C:\\Users\\Window...')
#11 {main}
CRITICAL - 2024-01-23 20:05:03 --> Unknown column 'tbl_pelanggan' in 'where clause'
in SYSTEMPATH\Database\BaseConnection.php on line 646.
 1 SYSTEMPATH\Database\BaseBuilder.php(2790): CodeIgniter\Database\BaseConnection->query('DELETE FROM `tbl_pelanggan`
WHERE `tbl_pelanggan` = :tbl_pelanggan:', [...], false)
 2 APPPATH\Models\ModelPelanggan.php(21): CodeIgniter\Database\BaseBuilder->delete([...])
 3 APPPATH\Controllers\Pelanggan.php(46): App\Models\ModelPelanggan->deletepelanggan('001')
 4 SYSTEMPATH\CodeIgniter.php(919): App\Controllers\Pelanggan->delete()
 5 SYSTEMPATH\CodeIgniter.php(494): CodeIgniter\CodeIgniter->runController(Object(App\Controllers\Pelanggan))
 6 SYSTEMPATH\CodeIgniter.php(353): CodeIgniter\CodeIgniter->handleRequest(null, Object(Config\Cache), false)
 7 FCPATH\index.php(79): CodeIgniter\CodeIgniter->run()
 8 SYSTEMPATH\Commands\Server\rewrite.php(47): require_once('C:\\Users\\Windows 10\\Documents\\SEMESTER-5\\quiz\\public\\index.php')
ERROR - 2024-01-23 20:05:14 --> mysqli_sql_exception: Unknown column 'tbl_pelanggan' in 'where clause' in C:\Users\Windows 10\Documents\SEMESTER-5\quiz\system\Database\MySQLi\Connection.php:306
Stack trace:
#0 C:\Users\Windows 10\Documents\SEMESTER-5\quiz\system\Database\MySQLi\Connection.php(306): mysqli->query('DELETE FROM `tb...', 0)
#1 C:\Users\Windows 10\Documents\SEMESTER-5\quiz\system\Database\BaseConnection.php(692): CodeIgniter\Database\MySQLi\Connection->execute('DELETE FROM `tb...')
#2 C:\Users\Windows 10\Documents\SEMESTER-5\quiz\system\Database\BaseConnection.php(606): CodeIgniter\Database\BaseConnection->simpleQuery('DELETE FROM `tb...')
#3 C:\Users\Windows 10\Documents\SEMESTER-5\quiz\system\Database\BaseBuilder.php(2790): CodeIgniter\Database\BaseConnection->query('DELETE FROM `tb...', Array, false)
#4 C:\Users\Windows 10\Documents\SEMESTER-5\quiz\app\Models\ModelPelanggan.php(21): CodeIgniter\Database\BaseBuilder->delete(Array)
#5 C:\Users\Windows 10\Documents\SEMESTER-5\quiz\app\Controllers\Pelanggan.php(46): App\Models\ModelPelanggan->deletepelanggan('001')
#6 C:\Users\Windows 10\Documents\SEMESTER-5\quiz\system\CodeIgniter.php(919): App\Controllers\Pelanggan->delete()
#7 C:\Users\Windows 10\Documents\SEMESTER-5\quiz\system\CodeIgniter.php(494): CodeIgniter\CodeIgniter->runController(Object(App\Controllers\Pelanggan))
#8 C:\Users\Windows 10\Documents\SEMESTER-5\quiz\system\CodeIgniter.php(353): CodeIgniter\CodeIgniter->handleRequest(NULL, Object(Config\Cache), false)
#9 C:\Users\Windows 10\Documents\SEMESTER-5\quiz\public\index.php(79): CodeIgniter\CodeIgniter->run()
#10 C:\Users\Windows 10\Documents\SEMESTER-5\quiz\system\Commands\Server\rewrite.php(47): require_once('C:\\Users\\Window...')
#11 {main}
CRITICAL - 2024-01-23 20:05:14 --> Unknown column 'tbl_pelanggan' in 'where clause'
in SYSTEMPATH\Database\BaseConnection.php on line 646.
 1 SYSTEMPATH\Database\BaseBuilder.php(2790): CodeIgniter\Database\BaseConnection->query('DELETE FROM `tbl_pelanggan`
WHERE `tbl_pelanggan` = :tbl_pelanggan:', [...], false)
 2 APPPATH\Models\ModelPelanggan.php(21): CodeIgniter\Database\BaseBuilder->delete([...])
 3 APPPATH\Controllers\Pelanggan.php(46): App\Models\ModelPelanggan->deletepelanggan('001')
 4 SYSTEMPATH\CodeIgniter.php(919): App\Controllers\Pelanggan->delete()
 5 SYSTEMPATH\CodeIgniter.php(494): CodeIgniter\CodeIgniter->runController(Object(App\Controllers\Pelanggan))
 6 SYSTEMPATH\CodeIgniter.php(353): CodeIgniter\CodeIgniter->handleRequest(null, Object(Config\Cache), false)
 7 FCPATH\index.php(79): CodeIgniter\CodeIgniter->run()
 8 SYSTEMPATH\Commands\Server\rewrite.php(47): require_once('C:\\Users\\Windows 10\\Documents\\SEMESTER-5\\quiz\\public\\index.php')
INFO - 2024-01-23 20:05:19 --> Session: Class initialized using 'CodeIgniter\Session\Handlers\FileHandler' driver.
ERROR - 2024-01-23 20:05:33 --> mysqli_sql_exception: Unknown column 'tbl_pelanggan' in 'where clause' in C:\Users\Windows 10\Documents\SEMESTER-5\quiz\system\Database\MySQLi\Connection.php:306
Stack trace:
#0 C:\Users\Windows 10\Documents\SEMESTER-5\quiz\system\Database\MySQLi\Connection.php(306): mysqli->query('UPDATE `tbl_pel...', 0)
#1 C:\Users\Windows 10\Documents\SEMESTER-5\quiz\system\Database\BaseConnection.php(692): CodeIgniter\Database\MySQLi\Connection->execute('UPDATE `tbl_pel...')
#2 C:\Users\Windows 10\Documents\SEMESTER-5\quiz\system\Database\BaseConnection.php(606): CodeIgniter\Database\BaseConnection->simpleQuery('UPDATE `tbl_pel...')
#3 C:\Users\Windows 10\Documents\SEMESTER-5\quiz\system\Database\BaseBuilder.php(2475): CodeIgniter\Database\BaseConnection->query('UPDATE `tbl_pel...', Array, false)
#4 C:\Users\Windows 10\Documents\SEMESTER-5\quiz\app\Models\ModelPelanggan.php(25): CodeIgniter\Database\BaseBuilder->update(Array, Array)
#5 C:\Users\Windows 10\Documents\SEMESTER-5\quiz\app\Controllers\Pelanggan.php(59): App\Models\ModelPelanggan->updatepelanggan(Array, '001')
#6 C:\Users\Windows 10\Documents\SEMESTER-5\quiz\system\CodeIgniter.php(919): App\Controllers\Pelanggan->update()
#7 C:\Users\Windows 10\Documents\SEMESTER-5\quiz\system\CodeIgniter.php(494): CodeIgniter\CodeIgniter->runController(Object(App\Controllers\Pelanggan))
#8 C:\Users\Windows 10\Documents\SEMESTER-5\quiz\system\CodeIgniter.php(353): CodeIgniter\CodeIgniter->handleRequest(NULL, Object(Config\Cache), false)
#9 C:\Users\Windows 10\Documents\SEMESTER-5\quiz\public\index.php(79): CodeIgniter\CodeIgniter->run()
#10 C:\Users\Windows 10\Documents\SEMESTER-5\quiz\system\Commands\Server\rewrite.php(47): require_once('C:\\Users\\Window...')
#11 {main}
CRITICAL - 2024-01-23 20:05:33 --> Unknown column 'tbl_pelanggan' in 'where clause'
in SYSTEMPATH\Database\BaseConnection.php on line 646.
 1 SYSTEMPATH\Database\BaseBuilder.php(2475): CodeIgniter\Database\BaseConnection->query('UPDATE `tbl_pelanggan` SET `nama` = :nama:, `nohp` = :nohp:, `alamat` = :alamat:
WHERE `tbl_pelanggan` = :tbl_pelanggan:', [...], false)
 2 APPPATH\Models\ModelPelanggan.php(25): CodeIgniter\Database\BaseBuilder->update([...], [...])
 3 APPPATH\Controllers\Pelanggan.php(59): App\Models\ModelPelanggan->updatepelanggan([...], '001')
 4 SYSTEMPATH\CodeIgniter.php(919): App\Controllers\Pelanggan->update()
 5 SYSTEMPATH\CodeIgniter.php(494): CodeIgniter\CodeIgniter->runController(Object(App\Controllers\Pelanggan))
 6 SYSTEMPATH\CodeIgniter.php(353): CodeIgniter\CodeIgniter->handleRequest(null, Object(Config\Cache), false)
 7 FCPATH\index.php(79): CodeIgniter\CodeIgniter->run()
 8 SYSTEMPATH\Commands\Server\rewrite.php(47): require_once('C:\\Users\\Windows 10\\Documents\\SEMESTER-5\\quiz\\public\\index.php')
ERROR - 2024-01-23 20:10:53 --> mysqli_sql_exception: Unknown column 'tbl_pelanggan' in 'where clause' in C:\Users\Windows 10\Documents\SEMESTER-5\quiz\system\Database\MySQLi\Connection.php:306
Stack trace:
#0 C:\Users\Windows 10\Documents\SEMESTER-5\quiz\system\Database\MySQLi\Connection.php(306): mysqli->query('UPDATE `tbl_pel...', 0)
#1 C:\Users\Windows 10\Documents\SEMESTER-5\quiz\system\Database\BaseConnection.php(692): CodeIgniter\Database\MySQLi\Connection->execute('UPDATE `tbl_pel...')
#2 C:\Users\Windows 10\Documents\SEMESTER-5\quiz\system\Database\BaseConnection.php(606): CodeIgniter\Database\BaseConnection->simpleQuery('UPDATE `tbl_pel...')
#3 C:\Users\Windows 10\Documents\SEMESTER-5\quiz\system\Database\BaseBuilder.php(2475): CodeIgniter\Database\BaseConnection->query('UPDATE `tbl_pel...', Array, false)
#4 C:\Users\Windows 10\Documents\SEMESTER-5\quiz\app\Models\ModelPelanggan.php(25): CodeIgniter\Database\BaseBuilder->update(Array, Array)
#5 C:\Users\Windows 10\Documents\SEMESTER-5\quiz\app\Controllers\Pelanggan.php(58): App\Models\ModelPelanggan->updatepelanggan(Array, '001')
#6 C:\Users\Windows 10\Documents\SEMESTER-5\quiz\system\CodeIgniter.php(919): App\Controllers\Pelanggan->update()
#7 C:\Users\Windows 10\Documents\SEMESTER-5\quiz\system\CodeIgniter.php(494): CodeIgniter\CodeIgniter->runController(Object(App\Controllers\Pelanggan))
#8 C:\Users\Windows 10\Documents\SEMESTER-5\quiz\system\CodeIgniter.php(353): CodeIgniter\CodeIgniter->handleRequest(NULL, Object(Config\Cache), false)
#9 C:\Users\Windows 10\Documents\SEMESTER-5\quiz\public\index.php(79): CodeIgniter\CodeIgniter->run()
#10 C:\Users\Windows 10\Documents\SEMESTER-5\quiz\system\Commands\Server\rewrite.php(47): require_once('C:\\Users\\Window...')
#11 {main}
CRITICAL - 2024-01-23 20:10:53 --> Unknown column 'tbl_pelanggan' in 'where clause'
in SYSTEMPATH\Database\BaseConnection.php on line 646.
 1 SYSTEMPATH\Database\BaseBuilder.php(2475): CodeIgniter\Database\BaseConnection->query('UPDATE `tbl_pelanggan` SET `nama` = :nama:, `nohp` = :nohp:, `alamat` = :alamat:
WHERE `tbl_pelanggan` = :tbl_pelanggan:', [...], false)
 2 APPPATH\Models\ModelPelanggan.php(25): CodeIgniter\Database\BaseBuilder->update([...], [...])
 3 APPPATH\Controllers\Pelanggan.php(58): App\Models\ModelPelanggan->updatepelanggan([...], '001')
 4 SYSTEMPATH\CodeIgniter.php(919): App\Controllers\Pelanggan->update()
 5 SYSTEMPATH\CodeIgniter.php(494): CodeIgniter\CodeIgniter->runController(Object(App\Controllers\Pelanggan))
 6 SYSTEMPATH\CodeIgniter.php(353): CodeIgniter\CodeIgniter->handleRequest(null, Object(Config\Cache), false)
 7 FCPATH\index.php(79): CodeIgniter\CodeIgniter->run()
 8 SYSTEMPATH\Commands\Server\rewrite.php(47): require_once('C:\\Users\\Windows 10\\Documents\\SEMESTER-5\\quiz\\public\\index.php')
INFO - 2024-01-23 20:10:59 --> Session: Class initialized using 'CodeIgniter\Session\Handlers\FileHandler' driver.
ERROR - 2024-01-23 20:11:13 --> mysqli_sql_exception: Unknown column 'tbl_pelanggan' in 'where clause' in C:\Users\Windows 10\Documents\SEMESTER-5\quiz\system\Database\MySQLi\Connection.php:306
Stack trace:
#0 C:\Users\Windows 10\Documents\SEMESTER-5\quiz\system\Database\MySQLi\Connection.php(306): mysqli->query('UPDATE `tbl_pel...', 0)
#1 C:\Users\Windows 10\Documents\SEMESTER-5\quiz\system\Database\BaseConnection.php(692): CodeIgniter\Database\MySQLi\Connection->execute('UPDATE `tbl_pel...')
#2 C:\Users\Windows 10\Documents\SEMESTER-5\quiz\system\Database\BaseConnection.php(606): CodeIgniter\Database\BaseConnection->simpleQuery('UPDATE `tbl_pel...')
#3 C:\Users\Windows 10\Documents\SEMESTER-5\quiz\system\Database\BaseBuilder.php(2475): CodeIgniter\Database\BaseConnection->query('UPDATE `tbl_pel...', Array, false)
#4 C:\Users\Windows 10\Documents\SEMESTER-5\quiz\app\Models\ModelPelanggan.php(25): CodeIgniter\Database\BaseBuilder->update(Array, Array)
#5 C:\Users\Windows 10\Documents\SEMESTER-5\quiz\app\Controllers\Pelanggan.php(58): App\Models\ModelPelanggan->updatepelanggan(Array, '001')
#6 C:\Users\Windows 10\Documents\SEMESTER-5\quiz\system\CodeIgniter.php(919): App\Controllers\Pelanggan->update()
#7 C:\Users\Windows 10\Documents\SEMESTER-5\quiz\system\CodeIgniter.php(494): CodeIgniter\CodeIgniter->runController(Object(App\Controllers\Pelanggan))
#8 C:\Users\Windows 10\Documents\SEMESTER-5\quiz\system\CodeIgniter.php(353): CodeIgniter\CodeIgniter->handleRequest(NULL, Object(Config\Cache), false)
#9 C:\Users\Windows 10\Documents\SEMESTER-5\quiz\public\index.php(79): CodeIgniter\CodeIgniter->run()
#10 C:\Users\Windows 10\Documents\SEMESTER-5\quiz\system\Commands\Server\rewrite.php(47): require_once('C:\\Users\\Window...')
#11 {main}
CRITICAL - 2024-01-23 20:11:13 --> Unknown column 'tbl_pelanggan' in 'where clause'
in SYSTEMPATH\Database\BaseConnection.php on line 646.
 1 SYSTEMPATH\Database\BaseBuilder.php(2475): CodeIgniter\Database\BaseConnection->query('UPDATE `tbl_pelanggan` SET `nama` = :nama:, `nohp` = :nohp:, `alamat` = :alamat:
WHERE `tbl_pelanggan` = :tbl_pelanggan:', [...], false)
 2 APPPATH\Models\ModelPelanggan.php(25): CodeIgniter\Database\BaseBuilder->update([...], [...])
 3 APPPATH\Controllers\Pelanggan.php(58): App\Models\ModelPelanggan->updatepelanggan([...], '001')
 4 SYSTEMPATH\CodeIgniter.php(919): App\Controllers\Pelanggan->update()
 5 SYSTEMPATH\CodeIgniter.php(494): CodeIgniter\CodeIgniter->runController(Object(App\Controllers\Pelanggan))
 6 SYSTEMPATH\CodeIgniter.php(353): CodeIgniter\CodeIgniter->handleRequest(null, Object(Config\Cache), false)
 7 FCPATH\index.php(79): CodeIgniter\CodeIgniter->run()
 8 SYSTEMPATH\Commands\Server\rewrite.php(47): require_once('C:\\Users\\Windows 10\\Documents\\SEMESTER-5\\quiz\\public\\index.php')
INFO - 2024-01-23 20:13:27 --> Session: Class initialized using 'CodeIgniter\Session\Handlers\FileHandler' driver.
INFO - 2024-01-23 20:13:45 --> Session: Class initialized using 'CodeIgniter\Session\Handlers\FileHandler' driver.
INFO - 2024-01-23 20:15:41 --> Session: Class initialized using 'CodeIgniter\Session\Handlers\FileHandler' driver.
INFO - 2024-01-23 20:15:54 --> Session: Class initialized using 'CodeIgniter\Session\Handlers\FileHandler' driver.
INFO - 2024-01-23 20:15:57 --> Session: Class initialized using 'CodeIgniter\Session\Handlers\FileHandler' driver.
ERROR - 2024-01-23 20:15:59 --> mysqli_sql_exception: Table 'dbtypea.tbl_user' doesn't exist in C:\Users\Windows 10\Documents\SEMESTER-5\quiz\system\Database\MySQLi\Connection.php:306
Stack trace:
#0 C:\Users\Windows 10\Documents\SEMESTER-5\quiz\system\Database\MySQLi\Connection.php(306): mysqli->query('SELECT *\nFROM `...', 0)
#1 C:\Users\Windows 10\Documents\SEMESTER-5\quiz\system\Database\BaseConnection.php(692): CodeIgniter\Database\MySQLi\Connection->execute('SELECT *\nFROM `...')
#2 C:\Users\Windows 10\Documents\SEMESTER-5\quiz\system\Database\BaseConnection.php(606): CodeIgniter\Database\BaseConnection->simpleQuery('SELECT *\nFROM `...')
#3 C:\Users\Windows 10\Documents\SEMESTER-5\quiz\system\Database\BaseBuilder.php(1615): CodeIgniter\Database\BaseConnection->query('SELECT *\nFROM `...', Array, false)
#4 C:\Users\Windows 10\Documents\SEMESTER-5\quiz\app\Models\ModelUser.php(32): CodeIgniter\Database\BaseBuilder->get()
#5 C:\Users\Windows 10\Documents\SEMESTER-5\quiz\app\Controllers\Login.php(20): App\Models\ModelUser->cek_login('userlevel2')
#6 C:\Users\Windows 10\Documents\SEMESTER-5\quiz\system\CodeIgniter.php(919): App\Controllers\Login->ceklogin()
#7 C:\Users\Windows 10\Documents\SEMESTER-5\quiz\system\CodeIgniter.php(494): CodeIgniter\CodeIgniter->runController(Object(App\Controllers\Login))
#8 C:\Users\Windows 10\Documents\SEMESTER-5\quiz\system\CodeIgniter.php(353): CodeIgniter\CodeIgniter->handleRequest(NULL, Object(Config\Cache), false)
#9 C:\Users\Windows 10\Documents\SEMESTER-5\quiz\public\index.php(79): CodeIgniter\CodeIgniter->run()
#10 C:\Users\Windows 10\Documents\SEMESTER-5\quiz\system\Commands\Server\rewrite.php(47): require_once('C:\\Users\\Window...')
#11 {main}
CRITICAL - 2024-01-23 20:15:59 --> Table 'dbtypea.tbl_user' doesn't exist
in SYSTEMPATH\Database\BaseConnection.php on line 646.
 1 SYSTEMPATH\Database\BaseBuilder.php(1615): CodeIgniter\Database\BaseConnection->query('SELECT *
FROM `tbl_user`
WHERE `nama_user` = :nama_user:', [...], false)
 2 APPPATH\Models\ModelUser.php(32): CodeIgniter\Database\BaseBuilder->get()
 3 APPPATH\Controllers\Login.php(20): App\Models\ModelUser->cek_login('userlevel2')
 4 SYSTEMPATH\CodeIgniter.php(919): App\Controllers\Login->ceklogin()
 5 SYSTEMPATH\CodeIgniter.php(494): CodeIgniter\CodeIgniter->runController(Object(App\Controllers\Login))
 6 SYSTEMPATH\CodeIgniter.php(353): CodeIgniter\CodeIgniter->handleRequest(null, Object(Config\Cache), false)
 7 FCPATH\index.php(79): CodeIgniter\CodeIgniter->run()
 8 SYSTEMPATH\Commands\Server\rewrite.php(47): require_once('C:\\Users\\Windows 10\\Documents\\SEMESTER-5\\quiz\\public\\index.php')
INFO - 2024-01-23 20:20:16 --> Session: Class initialized using 'CodeIgniter\Session\Handlers\FileHandler' driver.
INFO - 2024-01-23 20:25:30 --> Session: Class initialized using 'CodeIgniter\Session\Handlers\FileHandler' driver.
INFO - 2024-01-23 20:26:01 --> Session: Class initialized using 'CodeIgniter\Session\Handlers\FileHandler' driver.
INFO - 2024-01-23 20:26:24 --> Session: Class initialized using 'CodeIgniter\Session\Handlers\FileHandler' driver.
INFO - 2024-01-23 20:26:47 --> Session: Class initialized using 'CodeIgniter\Session\Handlers\FileHandler' driver.
INFO - 2024-01-23 20:27:18 --> Session: Class initialized using 'CodeIgniter\Session\Handlers\FileHandler' driver.
INFO - 2024-01-23 20:27:20 --> Session: Class initialized using 'CodeIgniter\Session\Handlers\FileHandler' driver.
INFO - 2024-01-23 20:27:25 --> Session: Class initialized using 'CodeIgniter\Session\Handlers\FileHandler' driver.
ERROR - 2024-01-23 20:27:27 --> mysqli_sql_exception: Table 'dbtypea.tbl_user' doesn't exist in C:\Users\Windows 10\Documents\SEMESTER-5\quiz\system\Database\MySQLi\Connection.php:306
Stack trace:
#0 C:\Users\Windows 10\Documents\SEMESTER-5\quiz\system\Database\MySQLi\Connection.php(306): mysqli->query('SELECT *\nFROM `...', 0)
#1 C:\Users\Windows 10\Documents\SEMESTER-5\quiz\system\Database\BaseConnection.php(692): CodeIgniter\Database\MySQLi\Connection->execute('SELECT *\nFROM `...')
#2 C:\Users\Windows 10\Documents\SEMESTER-5\quiz\system\Database\BaseConnection.php(606): CodeIgniter\Database\BaseConnection->simpleQuery('SELECT *\nFROM `...')
#3 C:\Users\Windows 10\Documents\SEMESTER-5\quiz\system\Database\BaseBuilder.php(1615): CodeIgniter\Database\BaseConnection->query('SELECT *\nFROM `...', Array, false)
#4 C:\Users\Windows 10\Documents\SEMESTER-5\quiz\app\Models\ModelUser.php(32): CodeIgniter\Database\BaseBuilder->get()
#5 C:\Users\Windows 10\Documents\SEMESTER-5\quiz\app\Controllers\Login.php(20): App\Models\ModelUser->cek_login('userlevel2')
#6 C:\Users\Windows 10\Documents\SEMESTER-5\quiz\system\CodeIgniter.php(919): App\Controllers\Login->ceklogin()
#7 C:\Users\Windows 10\Documents\SEMESTER-5\quiz\system\CodeIgniter.php(494): CodeIgniter\CodeIgniter->runController(Object(App\Controllers\Login))
#8 C:\Users\Windows 10\Documents\SEMESTER-5\quiz\system\CodeIgniter.php(353): CodeIgniter\CodeIgniter->handleRequest(NULL, Object(Config\Cache), false)
#9 C:\Users\Windows 10\Documents\SEMESTER-5\quiz\public\index.php(79): CodeIgniter\CodeIgniter->run()
#10 C:\Users\Windows 10\Documents\SEMESTER-5\quiz\system\Commands\Server\rewrite.php(47): require_once('C:\\Users\\Window...')
#11 {main}
CRITICAL - 2024-01-23 20:27:27 --> Table 'dbtypea.tbl_user' doesn't exist
in SYSTEMPATH\Database\BaseConnection.php on line 646.
 1 SYSTEMPATH\Database\BaseBuilder.php(1615): CodeIgniter\Database\BaseConnection->query('SELECT *
FROM `tbl_user`
WHERE `nama_user` = :nama_user:', [...], false)
 2 APPPATH\Models\ModelUser.php(32): CodeIgniter\Database\BaseBuilder->get()
 3 APPPATH\Controllers\Login.php(20): App\Models\ModelUser->cek_login('userlevel2')
 4 SYSTEMPATH\CodeIgniter.php(919): App\Controllers\Login->ceklogin()
 5 SYSTEMPATH\CodeIgniter.php(494): CodeIgniter\CodeIgniter->runController(Object(App\Controllers\Login))
 6 SYSTEMPATH\CodeIgniter.php(353): CodeIgniter\CodeIgniter->handleRequest(null, Object(Config\Cache), false)
 7 FCPATH\index.php(79): CodeIgniter\CodeIgniter->run()
 8 SYSTEMPATH\Commands\Server\rewrite.php(47): require_once('C:\\Users\\Windows 10\\Documents\\SEMESTER-5\\quiz\\public\\index.php')
INFO - 2024-01-23 20:27:32 --> Session: Class initialized using 'CodeIgniter\Session\Handlers\FileHandler' driver.
INFO - 2024-01-23 20:27:37 --> Session: Class initialized using 'CodeIgniter\Session\Handlers\FileHandler' driver.
